
/var/spool/sge/ies/ies-iesd-grd-08/job_scripts/227598513 -stream 2021.1_ADP1_INT -cpd

ARC=lx-amd64
_=/bin/env
CVS_RSH=ssh
ENVIRONMENT=BATCH
GRID_LOG_DIR=/ies/iesd_data3_nb/iesdwa/qualitygates/wa/2021.1_ADP1_INT/logs
GRID_SCRIPT_TO_EXECUTE=/ies/iesd_data11/iesdgridhome/scripts/prod/BuildScripts/bin/rungate.pl
HISTCONTROL=ignoredups
HISTSIZE=1000
HOME=/home/iesdgrid
HOSTNAME=ies-iesd-grd-08
IESD_GRIDDATA=/ies/iesd_data11/iesdgridhome/data
IESD_SCRIPTS=/ies/iesd_data11/iesdgridhome/scripts/prod
JAVA_HOME=/ies/iesd_data11/iesdgridhome/tools/appsroot/aol/java/jdk-11.0.4
JOB_ID=227598513
JOB_NAME=gridrunner.sh
JOB_SCRIPT=/var/spool/sge/ies/ies-iesd-grd-08/job_scripts/227598513
KDEDIRS=/usr
LANG=en_US.UTF-8
LESSOPEN=||/usr/bin/lesspipe.sh %s
LOGNAME=iesdgrid
MAIL=/var/spool/mail/iesdgrid
MANPATH=:/opt/puppetlabs/puppet/share/man
NHOSTS=1
NQUEUES=1
NSLOTS=1
PATH=/usr/lib64/qt-3.3/bin:/home/iesdgrid/perl5/bin:/var/spool/sge/ies/tmp/227598513.1.iesd.p:/usr/local/bin:/bin:/usr/bin:/usr/local/sbin:/usr/sbin:/opt/puppetlabs/bin:/home/iesdgrid/opt/intellij/idea-IC-162.2228.15/bin
PERL5LIB=/home/iesdgrid/perl5/lib/perl5:
PERL_LOCAL_LIB_ROOT=:/home/iesdgrid/perl5
PERL_MB_OPT=--install_base /home/iesdgrid/perl5
PERL_MM_OPT=INSTALL_BASE=/home/iesdgrid/perl5
PWD=/home/iesdgrid
QTDIR=/usr/lib64/qt-3.3
QT_GRAPHICSSYSTEM_CHECKED=1
QTINC=/usr/lib64/qt-3.3/include
QTLIB=/usr/lib64/qt-3.3/lib
QT_PLUGIN_PATH=/usr/lib64/kde4/plugins:/usr/lib/kde4/plugins
QUEUE=iesd.p
REQNAME=gridrunner.sh
REQUEST=gridrunner.sh
RESTARTED=0
SGE_ACCOUNT=sge
SGE_ARCH=lx-amd64
SGE_BINARY_PATH=/ies/grid/uge86/bin/lx-amd64
SGE_CELL=default
SGE_CWD_PATH=/home/iesdgrid
SGE_EXECD_PORT=6471
SGE_HGR_memory=5.588G
SGE_JOB_SPOOL_DIR=/var/spool/sge/ies/ies-iesd-grd-08/active_jobs/227598513.1
SGE_O_HOME=/home/iesdgrid
SGE_O_HOST=ies-iesd-grd002
SGE_O_LOGNAME=iesdgrid
SGE_O_MAIL=/var/mail/iesdgrid
SGE_O_PATH=/ies/iesd_data11/iesdgridhome/tools/appsroot/aol/java/jdk-11.0.4/bin:/ies/iesd_data3_nb/iesdwa/qualitygates/wa/2021.1_ADP1_INT/code/iesd/chs_home/bld/bin:/ies/iesd_data3_nb/iesdwa/qualitygates/wa/2021.1_ADP1_INT/code/iesd/chs_home/bin:/ies/iesd_data3_nb/iesdwa/qualitygates/wa/2021.1_ADP1_INT/code/iesd/chs_home/lib:/ies/iesd_data3_nb/iesdwa/qualitygates/wa/2021.1_ADP1_INT/code/iesd/chs_home/bld/lib:/usr/atria/bin:/ies/grid/uge86/mgc:/ies/grid/uge86/bin/lx-amd64:/usr/local/bin:/usr/bin
SGE_O_SHELL=/bin/ksh
SGE_O_WORKDIR=/tmp/slave/ci01/workspace/SubmitQualityGatesGit
SGE_QMASTER_PORT=6470
SGE_RERUN_JOB=0
SGE_RERUN_REQUESTED=2
SGE_ROOT=/ies/grid/uge86
SGE_STDERR_PATH=/ies/iesd_data3_nb/iesdwa/qualitygates/wa/2021.1_ADP1_INT/logs/2021.1_ADP1_INTcpd.log
SGE_STDIN_PATH=/dev/null
SGE_STDOUT_PATH=/ies/iesd_data3_nb/iesdwa/qualitygates/wa/2021.1_ADP1_INT/logs/2021.1_ADP1_INTcpd.log
SGE_TASK_FIRST=undefined
SGE_TASK_ID=undefined
SGE_TASK_LAST=undefined
SGE_TASK_STEPSIZE=undefined
SHELL=/bin/sh
SHLVL=1
SSH_ASKPASS=/usr/libexec/openssh/gnome-ssh-askpass
TMPDIR=/var/spool/sge/ies/tmp/227598513.1.iesd.p
TMP=/var/spool/sge/ies/tmp/227598513.1.iesd.p
TZ=UTC
USER=iesdgrid
XDG_DATA_DIRS=/home/iesdgrid/.local/share/flatpak/exports/share:/var/lib/flatpak/exports/share:/usr/local/share:/usr/share
+ export MGC_VCO=aol
+ MGC_VCO=aol
+ export LD_LIBRARY_PATH=/ies/iesd_data11/iesdgridhome/scripts/prod/Modules/aol:
+ LD_LIBRARY_PATH=/ies/iesd_data11/iesdgridhome/scripts/prod/Modules/aol:
+ export PATH=/ies/iesd_data11/iesdgridhome/tools/appsroot/aol/java/jdk-11.0.4/bin:/usr/lib64/qt-3.3/bin:/home/iesdgrid/perl5/bin:/var/spool/sge/ies/tmp/227598513.1.iesd.p:/usr/local/bin:/bin:/usr/bin:/usr/local/sbin:/usr/sbin:/opt/puppetlabs/bin:/home/iesdgrid/opt/intellij/idea-IC-162.2228.15/bin
+ PATH=/ies/iesd_data11/iesdgridhome/tools/appsroot/aol/java/jdk-11.0.4/bin:/usr/lib64/qt-3.3/bin:/home/iesdgrid/perl5/bin:/var/spool/sge/ies/tmp/227598513.1.iesd.p:/usr/local/bin:/bin:/usr/bin:/usr/local/sbin:/usr/sbin:/opt/puppetlabs/bin:/home/iesdgrid/opt/intellij/idea-IC-162.2228.15/bin
+ '[' -x /ies/grid/uge86/default/common/settings.sh ']'
+ echo 'Calling perl /ies/iesd_data11/iesdgridhome/scripts/prod/BuildScripts/bin/rungate.pl -stream' 2021.1_ADP1_INT '-cpd '
Calling perl /ies/iesd_data11/iesdgridhome/scripts/prod/BuildScripts/bin/rungate.pl -stream 2021.1_ADP1_INT -cpd 
+ echo 'Fail if file not found '
Fail if file not found 
+ perl /ies/iesd_data11/iesdgridhome/scripts/prod/BuildScripts/bin/rungate.pl -stream 2021.1_ADP1_INT -cpd
-- Wed May  5 00:15:46 2021: /ies/iesd_data11/iesdgridhome/scripts/prod/BuildScripts/bin/rungate.pl -stream 2021.1_ADP1_INT -cpd

-- Wed May  5 00:15:46 2021: Checking for branch configuration attributes file: '/ies/iesd_data11/iesdgridhome/BranchDataRoot/2021.1_ADP1_INT/attributes.ini'
-- Wed May  5 00:15:46 2021: Reading config parameters from file: '/ies/iesd_data11/iesdgridhome/data/site.ini'
-- Wed May  5 00:15:46 2021: Checking for stream configuration attributes file: '/ies/iesd_data11/StreamDataRoot/2021.1_ADP1_INT/attributes.ini'
-- Wed May  5 00:15:46 2021: Stream configuration attributes file does not exist
BUILD_HOME IS : /ies/iesd_data3_nb/iesdwa/qualitygates/wa/2021.1_ADP1_INT/code/iesd
CHS_HOME IS : /ies/iesd_data3_nb/iesdwa/qualitygates/wa/2021.1_ADP1_INT/code/iesd/chs_home
JAVA_HOME IS : /ies/iesd_data11/iesdgridhome/tools/appsroot/aol/java/jdk-11.0.4
Path is /ies/iesd_data11/iesdgridhome/tools/appsroot/aol/java/jdk-11.0.4/bin:/ies/iesd_data3_nb/iesdwa/qualitygates/wa/2021.1_ADP1_INT/code/iesd/chs_home/bld/bin:/ies/iesd_data3_nb/iesdwa/qualitygates/wa/2021.1_ADP1_INT/code/iesd/chs_home/bin:/ies/iesd_data3_nb/iesdwa/qualitygates/wa/2021.1_ADP1_INT/code/iesd/chs_home/lib:/ies/iesd_data3_nb/iesdwa/qualitygates/wa/2021.1_ADP1_INT/code/iesd/chs_home/bld/lib:/ies/iesd_data11/iesdgridhome/tools/appsroot/aol/java/jdk-11.0.4/bin:/usr/lib64/qt-3.3/bin:/home/iesdgrid/perl5/bin:/var/spool/sge/ies/tmp/227598513.1.iesd.p:/usr/local/bin:/bin:/usr/bin:/usr/local/sbin:/usr/sbin:/opt/puppetlabs/bin:/home/iesdgrid/opt/intellij/idea-IC-162.2228.15/bin 
-- Wed May  5 00:15:46 2021: CPDRunner STARTED
-- Wed May  5 00:15:46 2021: WorkAreaGenerator STARTED
-- Wed May  5 00:15:46 2021: WorkAreaGenerator DONE in 7ms
-- Wed May  5 00:15:46 2021: ant  cpd-full -Dchsbuild.maxmemory=5500m -Dchs.build.cpd.output.xml=/ies/iesd_data3_nb/iesdwa/qualitygates/wa/2021.1_ADP1_INT/cpd/cpd-output.xml -Dchs.build.cpd.errorlog=/ies/iesd_data3_nb/iesdwa/qualitygates/wa/2021.1_ADP1_INT/cpd/cpd.log -f /ies/iesd_data3_nb/iesdwa/qualitygates/wa/2021.1_ADP1_INT/code/iesd/build.xml STARTED
-- Wed May  5 00:15:46 2021: /ies/iesd_data3_nb/iesdwa/qualitygates/wa/2021.1_ADP1_INT/code/iesd/chs_home/bld/bin/ant  cpd-full -Dchsbuild.maxmemory=5500m -Dchs.build.cpd.output.xml=/ies/iesd_data3_nb/iesdwa/qualitygates/wa/2021.1_ADP1_INT/cpd/cpd-output.xml -Dchs.build.cpd.errorlog=/ies/iesd_data3_nb/iesdwa/qualitygates/wa/2021.1_ADP1_INT/cpd/cpd.log -f /ies/iesd_data3_nb/iesdwa/qualitygates/wa/2021.1_ADP1_INT/code/iesd/build.xml
Buildfile: /ies/iesd_data3_nb/iesdwa/qualitygates/wa/2021.1_ADP1_INT/code/iesd/build.xml
Trying to override old definition of task jar
Trying to override old definition of task junit

cpd-full:

BUILD SUCCESSFUL
Total time: 18 minutes 58 seconds
-- Wed May  5 00:34:45 2021: ant  cpd-full -Dchsbuild.maxmemory=5500m -Dchs.build.cpd.output.xml=/ies/iesd_data3_nb/iesdwa/qualitygates/wa/2021.1_ADP1_INT/cpd/cpd-output.xml -Dchs.build.cpd.errorlog=/ies/iesd_data3_nb/iesdwa/qualitygates/wa/2021.1_ADP1_INT/cpd/cpd.log -f /ies/iesd_data3_nb/iesdwa/qualitygates/wa/2021.1_ADP1_INT/code/iesd/build.xml DONE in 1139503ms
-- Wed May  5 00:34:45 2021: ant  generate-duplicate-report -Dchs.build.cpd.output.xml=/ies/iesd_data3_nb/iesdwa/qualitygates/wa/2021.1_ADP1_INT/cpd/cpd-output.xml -Dchs.build.cpd.output.txt=/ies/iesd_data3_nb/iesdwa/qualitygates/wa/2021.1_ADP1_INT/cpd/cpd-output.txt -Dchs.build.interestingfilelist=/ies/iesd_data3_nb/iesdwa/qualitygates/wa/2021.1_ADP1_INT/changes/undelivered.newfiles.filtered.txt -f /ies/iesd_data3_nb/iesdwa/qualitygates/wa/2021.1_ADP1_INT/code/iesd/build.xml STARTED
-- Wed May  5 00:34:45 2021: /ies/iesd_data3_nb/iesdwa/qualitygates/wa/2021.1_ADP1_INT/code/iesd/chs_home/bld/bin/ant  generate-duplicate-report -Dchs.build.cpd.output.xml=/ies/iesd_data3_nb/iesdwa/qualitygates/wa/2021.1_ADP1_INT/cpd/cpd-output.xml -Dchs.build.cpd.output.txt=/ies/iesd_data3_nb/iesdwa/qualitygates/wa/2021.1_ADP1_INT/cpd/cpd-output.txt -Dchs.build.interestingfilelist=/ies/iesd_data3_nb/iesdwa/qualitygates/wa/2021.1_ADP1_INT/changes/undelivered.newfiles.filtered.txt -f /ies/iesd_data3_nb/iesdwa/qualitygates/wa/2021.1_ADP1_INT/code/iesd/build.xml
Buildfile: /ies/iesd_data3_nb/iesdwa/qualitygates/wa/2021.1_ADP1_INT/code/iesd/build.xml
Trying to override old definition of task jar
Trying to override old definition of task junit

generate-duplicate-report:
     [echo] Detecting duplicate code caused by selected files 
     [java] Reading duplication XML file : /ies/iesd_data3_nb/iesdwa/qualitygates/wa/2021.1_ADP1_INT/cpd/cpd-output.xml
     [java] Time taken to process the duplication document = 3.117 seconds
     [java] Processing the duplicate list
     [java] /ies/iesd_data3_nb/iesdwa/qualitygates/wa/2021.1_ADP1_INT/code/iesd/auto_src/tests/logic/TCLogicBOM/AllPropertyDevice/AllPropertyDevice_RegTest.csv
     [java] /ies/iesd_data3_nb/iesdwa/qualitygates/wa/2021.1_ADP1_INT/code/iesd/auto_src/tests/logic/TCLogicBOM/AllPropertyDevice/goldenreference/devicereport.html
     [java] /ies/iesd_data3_nb/iesdwa/qualitygates/wa/2021.1_ADP1_INT/code/iesd/auto_src/tests/logic/TCLogicBOM/AllPropertyDevice/import/OneDeviceWithAllProps.zip
     [java] /ies/iesd_data3_nb/iesdwa/qualitygates/wa/2021.1_ADP1_INT/code/iesd/auto_src/tests/logic/TCLogicBOM/AllPropertyDevice/import/adaptors.xml
     [java] /ies/iesd_data3_nb/iesdwa/qualitygates/wa/2021.1_ADP1_INT/code/iesd/auto_src/tests/logic/TCLogicBOM/AllPropertyDevice/import/resources/TC.properties
     [java] /ies/iesd_data3_nb/iesdwa/qualitygates/wa/2021.1_ADP1_INT/code/iesd/auto_src/tests/logic/TCLogicBOM/AllPropertyMulticore/AllPropertyMulticore_RegTest.csv
     [java] /ies/iesd_data3_nb/iesdwa/qualitygates/wa/2021.1_ADP1_INT/code/iesd/auto_src/tests/logic/TCLogicBOM/AllPropertyMulticore/goldenreference/multicoreport.html
     [java] /ies/iesd_data3_nb/iesdwa/qualitygates/wa/2021.1_ADP1_INT/code/iesd/auto_src/tests/logic/TCLogicBOM/AllPropertyMulticore/import/AllPropertyMulticore.zip
     [java] /ies/iesd_data3_nb/iesdwa/qualitygates/wa/2021.1_ADP1_INT/code/iesd/auto_src/tests/logic/TCLogicBOM/AllPropertyMulticore/import/adaptors.xml
     [java] /ies/iesd_data3_nb/iesdwa/qualitygates/wa/2021.1_ADP1_INT/code/iesd/auto_src/tests/logic/TCLogicBOM/AllPropertyMulticore/import/resources/TC.properties
     [java] /ies/iesd_data3_nb/iesdwa/qualitygates/wa/2021.1_ADP1_INT/code/iesd/auto_src/tests/logic/TCLogicBOM/CompareLogicBOMReport/CompareLogicBOMReport_RegTest.csv
     [java] /ies/iesd_data3_nb/iesdwa/qualitygates/wa/2021.1_ADP1_INT/code/iesd/auto_src/tests/logic/TCLogicBOM/CompareLogicBOMReport/goldenreference/report1.html
     [java] /ies/iesd_data3_nb/iesdwa/qualitygates/wa/2021.1_ADP1_INT/code/iesd/auto_src/tests/logic/TCLogicBOM/CompareLogicBOMReport/goldenreference/report2.html
     [java] /ies/iesd_data3_nb/iesdwa/qualitygates/wa/2021.1_ADP1_INT/code/iesd/auto_src/tests/logic/TCLogicBOM/CompareLogicBOMReport/goldenreference/report3.html
     [java] /ies/iesd_data3_nb/iesdwa/qualitygates/wa/2021.1_ADP1_INT/code/iesd/auto_src/tests/logic/TCLogicBOM/CompareLogicBOMReport/goldenreference/report4.html
     [java] /ies/iesd_data3_nb/iesdwa/qualitygates/wa/2021.1_ADP1_INT/code/iesd/auto_src/tests/logic/TCLogicBOM/CompareLogicBOMReport/import/MarineLineDesign.zip
     [java] /ies/iesd_data3_nb/iesdwa/qualitygates/wa/2021.1_ADP1_INT/code/iesd/auto_src/tests/logic/TCLogicBOM/CompareLogicBOMReport/import/adaptors.xml
     [java] /ies/iesd_data3_nb/iesdwa/qualitygates/wa/2021.1_ADP1_INT/code/iesd/auto_src/tests/logic/TCLogicBOM/CompareLogicBOMReport/import/resources/TC.properties
     [java] /ies/iesd_data3_nb/iesdwa/qualitygates/wa/2021.1_ADP1_INT/code/iesd/auto_src/tests/logic/TCLogicBOM/LogicBOMBuildListReport/LogicBOMBuildListReport_RegTest.csv
     [java] /ies/iesd_data3_nb/iesdwa/qualitygates/wa/2021.1_ADP1_INT/code/iesd/auto_src/tests/logic/TCLogicBOM/LogicBOMBuildListReport/goldenreference/buildlistreport.html
     [java] /ies/iesd_data3_nb/iesdwa/qualitygates/wa/2021.1_ADP1_INT/code/iesd/auto_src/tests/logic/TCLogicBOM/LogicBOMBuildListReport/import/MarineLineDesign.zip
     [java] /ies/iesd_data3_nb/iesdwa/qualitygates/wa/2021.1_ADP1_INT/code/iesd/auto_src/tests/logic/TCLogicBOM/LogicBOMBuildListReport/import/adaptors.xml
     [java] /ies/iesd_data3_nb/iesdwa/qualitygates/wa/2021.1_ADP1_INT/code/iesd/auto_src/tests/logic/TCLogicBOM/LogicBOMBuildListReport/import/resources/TC.properties
     [java] /ies/iesd_data3_nb/iesdwa/qualitygates/wa/2021.1_ADP1_INT/code/iesd/auto_src/tests/logic/TCLogicBOM/MCHomeDesign/MCHomeDesign_RegTest.csv
     [java] /ies/iesd_data3_nb/iesdwa/qualitygates/wa/2021.1_ADP1_INT/code/iesd/auto_src/tests/logic/TCLogicBOM/MCHomeDesign/goldenreference/NoHomeMulticore.html
     [java] /ies/iesd_data3_nb/iesdwa/qualitygates/wa/2021.1_ADP1_INT/code/iesd/auto_src/tests/logic/TCLogicBOM/MCHomeDesign/import/MoreThanOneHomeMulticore.zip
     [java] /ies/iesd_data3_nb/iesdwa/qualitygates/wa/2021.1_ADP1_INT/code/iesd/auto_src/tests/logic/TCLogicBOM/MCHomeDesign/import/adaptors.xml
     [java] /ies/iesd_data3_nb/iesdwa/qualitygates/wa/2021.1_ADP1_INT/code/iesd/auto_src/tests/logic/TCLogicBOM/MCHomeDesign/import/resources/TC.properties
     [java] /ies/iesd_data3_nb/iesdwa/qualitygates/wa/2021.1_ADP1_INT/code/iesd/auto_src/tests/logic/TCLogicBOM/NestedMCLogicBOMReport/NestedMCLogicBOMReport_RegTest.csv
     [java] /ies/iesd_data3_nb/iesdwa/qualitygates/wa/2021.1_ADP1_INT/code/iesd/auto_src/tests/logic/TCLogicBOM/NestedMCLogicBOMReport/goldenreference/nestedmulticorereport.html
     [java] /ies/iesd_data3_nb/iesdwa/qualitygates/wa/2021.1_ADP1_INT/code/iesd/auto_src/tests/logic/TCLogicBOM/NestedMCLogicBOMReport/import/NestedMCRoleChangeFlow.zip
     [java] /ies/iesd_data3_nb/iesdwa/qualitygates/wa/2021.1_ADP1_INT/code/iesd/auto_src/tests/logic/TCLogicBOM/NestedMCLogicBOMReport/import/adaptors.xml
     [java] /ies/iesd_data3_nb/iesdwa/qualitygates/wa/2021.1_ADP1_INT/code/iesd/auto_src/tests/logic/TCLogicBOM/NestedMCLogicBOMReport/import/resources/TC.properties
     [java] /ies/iesd_data3_nb/iesdwa/qualitygates/wa/2021.1_ADP1_INT/code/iesd/auto_src/tests/logic/TCLogicBOM/OverBraidLogicBOMReport/OverBraidLogicBOMReport_RegTest.csv
     [java] /ies/iesd_data3_nb/iesdwa/qualitygates/wa/2021.1_ADP1_INT/code/iesd/auto_src/tests/logic/TCLogicBOM/OverBraidLogicBOMReport/goldenreference/NoOverbraid.html
     [java] /ies/iesd_data3_nb/iesdwa/qualitygates/wa/2021.1_ADP1_INT/code/iesd/auto_src/tests/logic/TCLogicBOM/OverBraidLogicBOMReport/import/Overbraids_PAS00.zip
     [java] /ies/iesd_data3_nb/iesdwa/qualitygates/wa/2021.1_ADP1_INT/code/iesd/auto_src/tests/logic/TCLogicBOM/OverBraidLogicBOMReport/import/adaptors.xml
     [java] /ies/iesd_data3_nb/iesdwa/qualitygates/wa/2021.1_ADP1_INT/code/iesd/auto_src/tests/logic/TCLogicBOM/OverBraidLogicBOMReport/import/resources/TC.properties
     [java] /ies/iesd_data3_nb/iesdwa/qualitygates/wa/2021.1_ADP1_INT/code/iesd/auto_src/tests/logic/TCLogicBOM/SharedDeviceDesName/SharedDeviceDesName_RegTest.csv
     [java] /ies/iesd_data3_nb/iesdwa/qualitygates/wa/2021.1_ADP1_INT/code/iesd/auto_src/tests/logic/TCLogicBOM/SharedDeviceDesName/goldenreference/shareddevicereport.html
     [java] /ies/iesd_data3_nb/iesdwa/qualitygates/wa/2021.1_ADP1_INT/code/iesd/auto_src/tests/logic/TCLogicBOM/SharedDeviceDesName/goldenreference/shareddevicereport2.html
     [java] /ies/iesd_data3_nb/iesdwa/qualitygates/wa/2021.1_ADP1_INT/code/iesd/auto_src/tests/logic/TCLogicBOM/SharedDeviceDesName/goldenreference/shareddevicereport3.html
     [java] /ies/iesd_data3_nb/iesdwa/qualitygates/wa/2021.1_ADP1_INT/code/iesd/auto_src/tests/logic/TCLogicBOM/SharedDeviceDesName/import/SharedDeviceDesName.zip
     [java] /ies/iesd_data3_nb/iesdwa/qualitygates/wa/2021.1_ADP1_INT/code/iesd/auto_src/tests/logic/TCLogicBOM/SharedDeviceDesName/import/adaptors.xml
     [java] /ies/iesd_data3_nb/iesdwa/qualitygates/wa/2021.1_ADP1_INT/code/iesd/auto_src/tests/logic/TCLogicBOM/SharedDeviceDesName/import/resources/TC.properties
     [java] /ies/iesd_data3_nb/iesdwa/qualitygates/wa/2021.1_ADP1_INT/code/iesd/auto_src/tests/logic/TCLogicBOM/UserDefDeviceProp/UserDefDeviceProp_RegTest.csv
     [java] /ies/iesd_data3_nb/iesdwa/qualitygates/wa/2021.1_ADP1_INT/code/iesd/auto_src/tests/logic/TCLogicBOM/UserDefDeviceProp/goldenreference/devicepropreport.html
     [java] /ies/iesd_data3_nb/iesdwa/qualitygates/wa/2021.1_ADP1_INT/code/iesd/auto_src/tests/logic/TCLogicBOM/UserDefDeviceProp/import/LogicBOMConfig.xml
     [java] /ies/iesd_data3_nb/iesdwa/qualitygates/wa/2021.1_ADP1_INT/code/iesd/auto_src/tests/logic/TCLogicBOM/UserDefDeviceProp/import/OneDeviceWithAllProps.zip
     [java] /ies/iesd_data3_nb/iesdwa/qualitygates/wa/2021.1_ADP1_INT/code/iesd/auto_src/tests/logic/TCLogicBOM/UserDefDeviceProp/import/adaptors.xml
     [java] /ies/iesd_data3_nb/iesdwa/qualitygates/wa/2021.1_ADP1_INT/code/iesd/auto_src/tests/logic/TCLogicBOM/UserDefDeviceProp/import/resources/TC.properties
     [java] /ies/iesd_data3_nb/iesdwa/qualitygates/wa/2021.1_ADP1_INT/code/iesd/auto_src/tests/logic/TCLogicBOM/UserDefMCProp/UserDefMCProp_RegTest.csv
     [java] /ies/iesd_data3_nb/iesdwa/qualitygates/wa/2021.1_ADP1_INT/code/iesd/auto_src/tests/logic/TCLogicBOM/UserDefMCProp/goldenreference/mcuserdefinedreport.html
     [java] /ies/iesd_data3_nb/iesdwa/qualitygates/wa/2021.1_ADP1_INT/code/iesd/auto_src/tests/logic/TCLogicBOM/UserDefMCProp/import/LogicBOMConfig.xml
     [java] /ies/iesd_data3_nb/iesdwa/qualitygates/wa/2021.1_ADP1_INT/code/iesd/auto_src/tests/logic/TCLogicBOM/UserDefMCProp/import/Marine_Line_Design.zip
     [java] /ies/iesd_data3_nb/iesdwa/qualitygates/wa/2021.1_ADP1_INT/code/iesd/auto_src/tests/logic/TCLogicBOM/UserDefMCProp/import/adaptors.xml
     [java] /ies/iesd_data3_nb/iesdwa/qualitygates/wa/2021.1_ADP1_INT/code/iesd/auto_src/tests/logic/TCLogicBOM/UserDefMCProp/import/resources/TC.properties
     [java] /ies/iesd_data3_nb/iesdwa/qualitygates/wa/2021.1_ADP1_INT/code/iesd/cbridges_src/src/adpt/tceng/TCLogicBOM.properties
     [java] /ies/iesd_data3_nb/iesdwa/qualitygates/wa/2021.1_ADP1_INT/code/iesd/cbridges_src/src/adpt/tceng/src/chs/bridges/adaptors/tceng/TeamcenterLogicBOMFormat.java
     [java] /ies/iesd_data3_nb/iesdwa/qualitygates/wa/2021.1_ADP1_INT/code/iesd/cbridges_src/src/cablerouteradmin/build.xml
     [java] /ies/iesd_data3_nb/iesdwa/qualitygates/wa/2021.1_ADP1_INT/code/iesd/cbridges_src/src/cablerouteradmin/src/chs/cablerouteradmin/CableRouterAdmin.java
     [java] /ies/iesd_data3_nb/iesdwa/qualitygates/wa/2021.1_ADP1_INT/code/iesd/cbridges_src/src/webservers/ccrs/build.xml
     [java] /ies/iesd_data3_nb/iesdwa/qualitygates/wa/2021.1_ADP1_INT/code/iesd/cbridges_src/src/webservers/ccrs/settings.gradle
     [java] /ies/iesd_data3_nb/iesdwa/qualitygates/wa/2021.1_ADP1_INT/code/iesd/cbridges_src/src/webservers/ccrs/src/chs/ccrs/MarineServerMain.java
     [java] /ies/iesd_data3_nb/iesdwa/qualitygates/wa/2021.1_ADP1_INT/code/iesd/cbridges_src/src/webservers/ccrs/src/chs/ccrs/config/MarineConfigurationUtil.java
     [java] /ies/iesd_data3_nb/iesdwa/qualitygates/wa/2021.1_ADP1_INT/code/iesd/cbridges_src/src/webservers/ccrs/src/chs/ccrs/config/MarineServerConfiguration.java
     [java] /ies/iesd_data3_nb/iesdwa/qualitygates/wa/2021.1_ADP1_INT/code/iesd/cbridges_src/src/webservers/ccrs/src/chs/ccrs/config/MarineServerConfigurationUtil.java
     [java] /ies/iesd_data3_nb/iesdwa/qualitygates/wa/2021.1_ADP1_INT/code/iesd/cbridges_src/src/webservers/ccrs/src/chs/ccrs/constants/MarineRequestParameterNames.java
     [java] /ies/iesd_data3_nb/iesdwa/qualitygates/wa/2021.1_ADP1_INT/code/iesd/cbridges_src/src/webservers/ccrs/src/chs/ccrs/constants/MarineRequestParameterValues.java
     [java] /ies/iesd_data3_nb/iesdwa/qualitygates/wa/2021.1_ADP1_INT/code/iesd/cbridges_src/src/webservers/ccrs/src/chs/ccrs/constants/MarineServerApplication.java
     [java] /ies/iesd_data3_nb/iesdwa/qualitygates/wa/2021.1_ADP1_INT/code/iesd/cbridges_src/src/webservers/ccrs/src/chs/ccrs/constants/MarineServerExecutableCommands.java
     [java] /ies/iesd_data3_nb/iesdwa/qualitygates/wa/2021.1_ADP1_INT/code/iesd/cbridges_src/src/webservers/ccrs/src/chs/ccrs/constants/MarineServerSession.java
     [java] /ies/iesd_data3_nb/iesdwa/qualitygates/wa/2021.1_ADP1_INT/code/iesd/cbridges_src/src/webservers/ccrs/src/chs/ccrs/constants/MarineStandardCharset.java
     [java] /ies/iesd_data3_nb/iesdwa/qualitygates/wa/2021.1_ADP1_INT/code/iesd/cbridges_src/src/webservers/ccrs/src/chs/ccrs/constants/MarineWeb.java
     [java] /ies/iesd_data3_nb/iesdwa/qualitygates/wa/2021.1_ADP1_INT/code/iesd/cbridges_src/src/webservers/ccrs/src/chs/ccrs/datamanagement/base/config/IMarineDataConfiguration.java
     [java] /ies/iesd_data3_nb/iesdwa/qualitygates/wa/2021.1_ADP1_INT/code/iesd/cbridges_src/src/webservers/ccrs/src/chs/ccrs/datamanagement/base/config/MarineDataConfigurationBuilder.java
     [java] /ies/iesd_data3_nb/iesdwa/qualitygates/wa/2021.1_ADP1_INT/code/iesd/cbridges_src/src/webservers/ccrs/src/chs/ccrs/datamanagement/base/config/MarineDataConfigurationReader.java
     [java] /ies/iesd_data3_nb/iesdwa/qualitygates/wa/2021.1_ADP1_INT/code/iesd/cbridges_src/src/webservers/ccrs/src/chs/ccrs/datamanagement/base/validate/MarineDataCronValidator.java
     [java] /ies/iesd_data3_nb/iesdwa/qualitygates/wa/2021.1_ADP1_INT/code/iesd/cbridges_src/src/webservers/ccrs/src/chs/ccrs/datamanagement/export/config/MarineExportConfiguration.java
     [java] /ies/iesd_data3_nb/iesdwa/qualitygates/wa/2021.1_ADP1_INT/code/iesd/cbridges_src/src/webservers/ccrs/src/chs/ccrs/datamanagement/export/config/MarineExportConfigurationReader.java
     [java] /ies/iesd_data3_nb/iesdwa/qualitygates/wa/2021.1_ADP1_INT/code/iesd/cbridges_src/src/webservers/ccrs/src/chs/ccrs/datamanagement/export/schedule/MarineExportScheduleManager.java
     [java] /ies/iesd_data3_nb/iesdwa/qualitygates/wa/2021.1_ADP1_INT/code/iesd/cbridges_src/src/webservers/ccrs/src/chs/ccrs/datamanagement/sync/BaseMarineSchedulerJob.java
     [java] /ies/iesd_data3_nb/iesdwa/qualitygates/wa/2021.1_ADP1_INT/code/iesd/cbridges_src/src/webservers/ccrs/src/chs/ccrs/datamanagement/sync/IMarineSyncDetails.java
     [java] /ies/iesd_data3_nb/iesdwa/qualitygates/wa/2021.1_ADP1_INT/code/iesd/cbridges_src/src/webservers/ccrs/src/chs/ccrs/datamanagement/sync/MarineScheduleXMLUploaderJob.java
     [java] /ies/iesd_data3_nb/iesdwa/qualitygates/wa/2021.1_ADP1_INT/code/iesd/cbridges_src/src/webservers/ccrs/src/chs/ccrs/datamanagement/sync/MarineXMLUploaderJob.java
     [java] /ies/iesd_data3_nb/iesdwa/qualitygates/wa/2021.1_ADP1_INT/code/iesd/cbridges_src/src/webservers/ccrs/src/chs/ccrs/datamanagement/sync/client/FTPClientCreator.java
     [java] /ies/iesd_data3_nb/iesdwa/qualitygates/wa/2021.1_ADP1_INT/code/iesd/cbridges_src/src/webservers/ccrs/src/chs/ccrs/datamanagement/sync/client/IMarineFileExchangeClient.java
     [java] /ies/iesd_data3_nb/iesdwa/qualitygates/wa/2021.1_ADP1_INT/code/iesd/cbridges_src/src/webservers/ccrs/src/chs/ccrs/datamanagement/sync/client/IMarineFileExchangeClientBuilder.java
     [java] /ies/iesd_data3_nb/iesdwa/qualitygates/wa/2021.1_ADP1_INT/code/iesd/cbridges_src/src/webservers/ccrs/src/chs/ccrs/datamanagement/sync/client/MarineFTPClient.java
     [java] /ies/iesd_data3_nb/iesdwa/qualitygates/wa/2021.1_ADP1_INT/code/iesd/cbridges_src/src/webservers/ccrs/src/chs/ccrs/datamanagement/sync/client/MarineFileExchangeManager.java
     [java] /ies/iesd_data3_nb/iesdwa/qualitygates/wa/2021.1_ADP1_INT/code/iesd/cbridges_src/src/webservers/ccrs/src/chs/ccrs/datamanagement/sync/client/MarineNoOpFileExchangeClient.java
     [java] /ies/iesd_data3_nb/iesdwa/qualitygates/wa/2021.1_ADP1_INT/code/iesd/cbridges_src/src/webservers/ccrs/src/chs/ccrs/datamanagement/sync/client/MarineSFTPClient.java
     [java] /ies/iesd_data3_nb/iesdwa/qualitygates/wa/2021.1_ADP1_INT/code/iesd/cbridges_src/src/webservers/ccrs/src/chs/ccrs/datamanagement/sync/client/MarineSyncUploadClientBuilder.java
     [java] /ies/iesd_data3_nb/iesdwa/qualitygates/wa/2021.1_ADP1_INT/code/iesd/cbridges_src/src/webservers/ccrs/src/chs/ccrs/datamanagement/sync/client/SFTPClientCreator.java
     [java] /ies/iesd_data3_nb/iesdwa/qualitygates/wa/2021.1_ADP1_INT/code/iesd/cbridges_src/src/webservers/ccrs/src/chs/ccrs/datamanagement/sync/client/validate/FTPClientValidator.java
     [java] /ies/iesd_data3_nb/iesdwa/qualitygates/wa/2021.1_ADP1_INT/code/iesd/cbridges_src/src/webservers/ccrs/src/chs/ccrs/datamanagement/sync/client/validate/IMarineFileExchangeClientValidator.java
     [java] /ies/iesd_data3_nb/iesdwa/qualitygates/wa/2021.1_ADP1_INT/code/iesd/cbridges_src/src/webservers/ccrs/src/chs/ccrs/datamanagement/sync/client/validate/SFTPClientValidator.java
     [java] /ies/iesd_data3_nb/iesdwa/qualitygates/wa/2021.1_ADP1_INT/code/iesd/cbridges_src/src/webservers/ccrs/src/chs/ccrs/datamanagement/sync/config/IMarineSyncConfiguration.java
     [java] /ies/iesd_data3_nb/iesdwa/qualitygates/wa/2021.1_ADP1_INT/code/iesd/cbridges_src/src/webservers/ccrs/src/chs/ccrs/datamanagement/sync/config/MarineSyncConfiguration.java
     [java] /ies/iesd_data3_nb/iesdwa/qualitygates/wa/2021.1_ADP1_INT/code/iesd/cbridges_src/src/webservers/ccrs/src/chs/ccrs/datamanagement/sync/config/MarineSyncConfigurationBuilder.java
     [java] /ies/iesd_data3_nb/iesdwa/qualitygates/wa/2021.1_ADP1_INT/code/iesd/cbridges_src/src/webservers/ccrs/src/chs/ccrs/datamanagement/sync/config/MarineSyncConfigurationReader.java
     [java] /ies/iesd_data3_nb/iesdwa/qualitygates/wa/2021.1_ADP1_INT/code/iesd/cbridges_src/src/webservers/ccrs/src/chs/ccrs/datamanagement/sync/config/MarineSyncConnectionConfiguration.java
     [java] /ies/iesd_data3_nb/iesdwa/qualitygates/wa/2021.1_ADP1_INT/code/iesd/cbridges_src/src/webservers/ccrs/src/chs/ccrs/datamanagement/sync/config/MarineSyncFileExchangeProtocol.java
     [java] /ies/iesd_data3_nb/iesdwa/qualitygates/wa/2021.1_ADP1_INT/code/iesd/cbridges_src/src/webservers/ccrs/src/chs/ccrs/datamanagement/sync/exception/MarineSyncException.java
     [java] /ies/iesd_data3_nb/iesdwa/qualitygates/wa/2021.1_ADP1_INT/code/iesd/cbridges_src/src/webservers/ccrs/src/chs/ccrs/datamanagement/sync/model/MarineUploadXMLModel.java
     [java] /ies/iesd_data3_nb/iesdwa/qualitygates/wa/2021.1_ADP1_INT/code/iesd/cbridges_src/src/webservers/ccrs/src/chs/ccrs/datamanagement/sync/schedule/MarineBaseTriggerBuilder.java
     [java] /ies/iesd_data3_nb/iesdwa/qualitygates/wa/2021.1_ADP1_INT/code/iesd/cbridges_src/src/webservers/ccrs/src/chs/ccrs/datamanagement/sync/schedule/MarineInstantSyncTriggerBuilder.java
     [java] /ies/iesd_data3_nb/iesdwa/qualitygates/wa/2021.1_ADP1_INT/code/iesd/cbridges_src/src/webservers/ccrs/src/chs/ccrs/datamanagement/sync/schedule/MarineLogBackupTriggerBuilder.java
     [java] /ies/iesd_data3_nb/iesdwa/qualitygates/wa/2021.1_ADP1_INT/code/iesd/cbridges_src/src/webservers/ccrs/src/chs/ccrs/datamanagement/sync/schedule/MarineScheduleSyncTriggerBuilder.java
     [java] /ies/iesd_data3_nb/iesdwa/qualitygates/wa/2021.1_ADP1_INT/code/iesd/cbridges_src/src/webservers/ccrs/src/chs/ccrs/datamanagement/sync/schedule/MarineUploadScheduleManager.java
     [java] /ies/iesd_data3_nb/iesdwa/qualitygates/wa/2021.1_ADP1_INT/code/iesd/cbridges_src/src/webservers/ccrs/src/chs/ccrs/datamanagement/sync/schedule/MarineUploadScheduler.java
     [java] /ies/iesd_data3_nb/iesdwa/qualitygates/wa/2021.1_ADP1_INT/code/iesd/cbridges_src/src/webservers/ccrs/src/chs/ccrs/datamanagement/sync/schedule/MarineXMLFileVisitor.java
     [java] /ies/iesd_data3_nb/iesdwa/qualitygates/wa/2021.1_ADP1_INT/code/iesd/cbridges_src/src/webservers/ccrs/src/chs/ccrs/datamanagement/sync/validate/MarineSyncConfigurationValidator.java
     [java] /ies/iesd_data3_nb/iesdwa/qualitygates/wa/2021.1_ADP1_INT/code/iesd/cbridges_src/src/webservers/ccrs/src/chs/ccrs/datamanagement/sync/validate/MarineSyncValidationResponse.java
     [java] /ies/iesd_data3_nb/iesdwa/qualitygates/wa/2021.1_ADP1_INT/code/iesd/cbridges_src/src/webservers/ccrs/src/chs/ccrs/datamanagement/sync/validate/MarineXMLUploadRetryValidator.java
     [java] /ies/iesd_data3_nb/iesdwa/qualitygates/wa/2021.1_ADP1_INT/code/iesd/cbridges_src/src/webservers/ccrs/src/chs/ccrs/exception/MarineExceptionHandler.java
     [java] /ies/iesd_data3_nb/iesdwa/qualitygates/wa/2021.1_ADP1_INT/code/iesd/cbridges_src/src/webservers/ccrs/src/chs/ccrs/filters/BaseMarineFilterAdder.java
     [java] /ies/iesd_data3_nb/iesdwa/qualitygates/wa/2021.1_ADP1_INT/code/iesd/cbridges_src/src/webservers/ccrs/src/chs/ccrs/filters/IMarineActivityTracker.java
     [java] /ies/iesd_data3_nb/iesdwa/qualitygates/wa/2021.1_ADP1_INT/code/iesd/cbridges_src/src/webservers/ccrs/src/chs/ccrs/filters/MarineActivityFilter.java
     [java] /ies/iesd_data3_nb/iesdwa/qualitygates/wa/2021.1_ADP1_INT/code/iesd/cbridges_src/src/webservers/ccrs/src/chs/ccrs/filters/MarineActivityFilterAdder.java
     [java] /ies/iesd_data3_nb/iesdwa/qualitygates/wa/2021.1_ADP1_INT/code/iesd/cbridges_src/src/webservers/ccrs/src/chs/ccrs/filters/MarineAdmininstratorDetailFilter.java
     [java] /ies/iesd_data3_nb/iesdwa/qualitygates/wa/2021.1_ADP1_INT/code/iesd/cbridges_src/src/webservers/ccrs/src/chs/ccrs/filters/MarineAuthenticationFilter.java
     [java] /ies/iesd_data3_nb/iesdwa/qualitygates/wa/2021.1_ADP1_INT/code/iesd/cbridges_src/src/webservers/ccrs/src/chs/ccrs/filters/MarineBaseDataFilter.java
     [java] /ies/iesd_data3_nb/iesdwa/qualitygates/wa/2021.1_ADP1_INT/code/iesd/cbridges_src/src/webservers/ccrs/src/chs/ccrs/filters/MarineBaseFilter.java
     [java] /ies/iesd_data3_nb/iesdwa/qualitygates/wa/2021.1_ADP1_INT/code/iesd/cbridges_src/src/webservers/ccrs/src/chs/ccrs/filters/MarineDefaultFilterAdder.java
     [java] /ies/iesd_data3_nb/iesdwa/qualitygates/wa/2021.1_ADP1_INT/code/iesd/cbridges_src/src/webservers/ccrs/src/chs/ccrs/filters/MarineExportFilter.java
     [java] /ies/iesd_data3_nb/iesdwa/qualitygates/wa/2021.1_ADP1_INT/code/iesd/cbridges_src/src/webservers/ccrs/src/chs/ccrs/filters/MarineExportFilterAdder.java
     [java] /ies/iesd_data3_nb/iesdwa/qualitygates/wa/2021.1_ADP1_INT/code/iesd/cbridges_src/src/webservers/ccrs/src/chs/ccrs/filters/MarineLoginURLFilter.java
     [java] /ies/iesd_data3_nb/iesdwa/qualitygates/wa/2021.1_ADP1_INT/code/iesd/cbridges_src/src/webservers/ccrs/src/chs/ccrs/filters/MarineResourceAccessFilter.java
     [java] /ies/iesd_data3_nb/iesdwa/qualitygates/wa/2021.1_ADP1_INT/code/iesd/cbridges_src/src/webservers/ccrs/src/chs/ccrs/filters/MarineScheduleSyncFilter.java
     [java] /ies/iesd_data3_nb/iesdwa/qualitygates/wa/2021.1_ADP1_INT/code/iesd/cbridges_src/src/webservers/ccrs/src/chs/ccrs/filters/MarineServerShutdownFilter.java
     [java] /ies/iesd_data3_nb/iesdwa/qualitygates/wa/2021.1_ADP1_INT/code/iesd/cbridges_src/src/webservers/ccrs/src/chs/ccrs/filters/MarineSessionInfoFilter.java
     [java] /ies/iesd_data3_nb/iesdwa/qualitygates/wa/2021.1_ADP1_INT/code/iesd/cbridges_src/src/webservers/ccrs/src/chs/ccrs/filters/MarineSyncContentUploadFilter.java
     [java] /ies/iesd_data3_nb/iesdwa/qualitygates/wa/2021.1_ADP1_INT/code/iesd/cbridges_src/src/webservers/ccrs/src/chs/ccrs/filters/MarineSyncXMLContentValidationFilter.java
     [java] /ies/iesd_data3_nb/iesdwa/qualitygates/wa/2021.1_ADP1_INT/code/iesd/cbridges_src/src/webservers/ccrs/src/chs/ccrs/filters/MarineSynchronizationFilterAdder.java
     [java] /ies/iesd_data3_nb/iesdwa/qualitygates/wa/2021.1_ADP1_INT/code/iesd/cbridges_src/src/webservers/ccrs/src/chs/ccrs/model/MarineServerDetails.java
     [java] /ies/iesd_data3_nb/iesdwa/qualitygates/wa/2021.1_ADP1_INT/code/iesd/cbridges_src/src/webservers/ccrs/src/chs/ccrs/model/cmpic/CMPICResponseData.java
     [java] /ies/iesd_data3_nb/iesdwa/qualitygates/wa/2021.1_ADP1_INT/code/iesd/cbridges_src/src/webservers/ccrs/src/chs/ccrs/model/cmpic/CMPICResponseMetaData.java
     [java] /ies/iesd_data3_nb/iesdwa/qualitygates/wa/2021.1_ADP1_INT/code/iesd/cbridges_src/src/webservers/ccrs/src/chs/ccrs/model/cmpic/MultiCMPICResponseDataBuilder.java
     [java] /ies/iesd_data3_nb/iesdwa/qualitygates/wa/2021.1_ADP1_INT/code/iesd/cbridges_src/src/webservers/ccrs/src/chs/ccrs/model/object/nx/NXCableAdapter.java
     [java] /ies/iesd_data3_nb/iesdwa/qualitygates/wa/2021.1_ADP1_INT/code/iesd/cbridges_src/src/webservers/ccrs/src/chs/ccrs/model/object/nx/NXDeviceAdapter.java
     [java] /ies/iesd_data3_nb/iesdwa/qualitygates/wa/2021.1_ADP1_INT/code/iesd/cbridges_src/src/webservers/ccrs/src/chs/ccrs/model/object/nx/NXNodeAdapter.java
     [java] /ies/iesd_data3_nb/iesdwa/qualitygates/wa/2021.1_ADP1_INT/code/iesd/cbridges_src/src/webservers/ccrs/src/chs/ccrs/model/object/nx/NXSegmentAdapter.java
     [java] /ies/iesd_data3_nb/iesdwa/qualitygates/wa/2021.1_ADP1_INT/code/iesd/cbridges_src/src/webservers/ccrs/src/chs/ccrs/model/object/nx/NXUOMAdapter.java
     [java] /ies/iesd_data3_nb/iesdwa/qualitygates/wa/2021.1_ADP1_INT/code/iesd/cbridges_src/src/webservers/ccrs/src/chs/ccrs/rest/BaseCMPICService.java
     [java] /ies/iesd_data3_nb/iesdwa/qualitygates/wa/2021.1_ADP1_INT/code/iesd/cbridges_src/src/webservers/ccrs/src/chs/ccrs/rest/CableService.java
     [java] /ies/iesd_data3_nb/iesdwa/qualitygates/wa/2021.1_ADP1_INT/code/iesd/cbridges_src/src/webservers/ccrs/src/chs/ccrs/rest/DeviceService.java
     [java] /ies/iesd_data3_nb/iesdwa/qualitygates/wa/2021.1_ADP1_INT/code/iesd/cbridges_src/src/webservers/ccrs/src/chs/ccrs/rest/NXCMRequestWrapper.java
     [java] /ies/iesd_data3_nb/iesdwa/qualitygates/wa/2021.1_ADP1_INT/code/iesd/cbridges_src/src/webservers/ccrs/src/chs/ccrs/rest/NXSessionManager.java
     [java] /ies/iesd_data3_nb/iesdwa/qualitygates/wa/2021.1_ADP1_INT/code/iesd/cbridges_src/src/webservers/ccrs/src/chs/ccrs/rest/NodeService.java
     [java] /ies/iesd_data3_nb/iesdwa/qualitygates/wa/2021.1_ADP1_INT/code/iesd/cbridges_src/src/webservers/ccrs/src/chs/ccrs/rest/SegmentService.java
     [java] /ies/iesd_data3_nb/iesdwa/qualitygates/wa/2021.1_ADP1_INT/code/iesd/cbridges_src/src/webservers/ccrs/src/chs/ccrs/rest/Services.java
     [java] /ies/iesd_data3_nb/iesdwa/qualitygates/wa/2021.1_ADP1_INT/code/iesd/cbridges_src/src/webservers/ccrs/src/chs/ccrs/rest/UOMService.java
     [java] /ies/iesd_data3_nb/iesdwa/qualitygates/wa/2021.1_ADP1_INT/code/iesd/cbridges_src/src/webservers/ccrs/src/chs/ccrs/rest/contenttransformer/BaseCMPICResponseTransformer.java
     [java] /ies/iesd_data3_nb/iesdwa/qualitygates/wa/2021.1_ADP1_INT/code/iesd/cbridges_src/src/webservers/ccrs/src/chs/ccrs/rest/contenttransformer/BaseResponseTransformer.java
     [java] /ies/iesd_data3_nb/iesdwa/qualitygates/wa/2021.1_ADP1_INT/code/iesd/cbridges_src/src/webservers/ccrs/src/chs/ccrs/rest/contenttransformer/CMPICToNXCableTransformer.java
     [java] /ies/iesd_data3_nb/iesdwa/qualitygates/wa/2021.1_ADP1_INT/code/iesd/cbridges_src/src/webservers/ccrs/src/chs/ccrs/rest/contenttransformer/CMPICToNXDeviceTransformer.java
     [java] /ies/iesd_data3_nb/iesdwa/qualitygates/wa/2021.1_ADP1_INT/code/iesd/cbridges_src/src/webservers/ccrs/src/chs/ccrs/rest/contenttransformer/CMPICToNXNodeTransformer.java
     [java] /ies/iesd_data3_nb/iesdwa/qualitygates/wa/2021.1_ADP1_INT/code/iesd/cbridges_src/src/webservers/ccrs/src/chs/ccrs/rest/contenttransformer/CMPICToNXSegmentTransformer.java
     [java] /ies/iesd_data3_nb/iesdwa/qualitygates/wa/2021.1_ADP1_INT/code/iesd/cbridges_src/src/webservers/ccrs/src/chs/ccrs/rest/contenttransformer/CMPICToNXUOMTransformer.java
     [java] /ies/iesd_data3_nb/iesdwa/qualitygates/wa/2021.1_ADP1_INT/code/iesd/cbridges_src/src/webservers/ccrs/src/chs/ccrs/server/MarineServer.java
     [java] /ies/iesd_data3_nb/iesdwa/qualitygates/wa/2021.1_ADP1_INT/code/iesd/cbridges_src/src/webservers/ccrs/src/chs/ccrs/server/start/DisplayFeedbackMessageTask.java
     [java] /ies/iesd_data3_nb/iesdwa/qualitygates/wa/2021.1_ADP1_INT/code/iesd/cbridges_src/src/webservers/ccrs/src/chs/ccrs/server/start/LicenseAndReportInitializationTask.java
     [java] /ies/iesd_data3_nb/iesdwa/qualitygates/wa/2021.1_ADP1_INT/code/iesd/cbridges_src/src/webservers/ccrs/src/chs/ccrs/server/start/MarineServerStartLifecycleTask.java
     [java] /ies/iesd_data3_nb/iesdwa/qualitygates/wa/2021.1_ADP1_INT/code/iesd/cbridges_src/src/webservers/ccrs/src/chs/ccrs/server/start/PortValidationTask.java
     [java] /ies/iesd_data3_nb/iesdwa/qualitygates/wa/2021.1_ADP1_INT/code/iesd/cbridges_src/src/webservers/ccrs/src/chs/ccrs/server/start/PreInitializationTask.java
     [java] /ies/iesd_data3_nb/iesdwa/qualitygates/wa/2021.1_ADP1_INT/code/iesd/cbridges_src/src/webservers/ccrs/src/chs/ccrs/server/start/ServerPortSetupTask.java
     [java] /ies/iesd_data3_nb/iesdwa/qualitygates/wa/2021.1_ADP1_INT/code/iesd/cbridges_src/src/webservers/ccrs/src/chs/ccrs/server/start/StartLifecycleTaskChainBuilder.java
     [java] /ies/iesd_data3_nb/iesdwa/qualitygates/wa/2021.1_ADP1_INT/code/iesd/cbridges_src/src/webservers/ccrs/src/chs/ccrs/server/start/StartServerTask.java
     [java] /ies/iesd_data3_nb/iesdwa/qualitygates/wa/2021.1_ADP1_INT/code/iesd/cbridges_src/src/webservers/ccrs/src/chs/ccrs/server/stop/MarineServerStopLifecycleTask.java
     [java] /ies/iesd_data3_nb/iesdwa/qualitygates/wa/2021.1_ADP1_INT/code/iesd/cbridges_src/src/webservers/ccrs/src/chs/ccrs/server/stop/StopServerService.java
     [java] /ies/iesd_data3_nb/iesdwa/qualitygates/wa/2021.1_ADP1_INT/code/iesd/cbridges_src/src/webservers/ccrs/src/chs/ccrs/server/stop/StopServerTask.java
     [java] /ies/iesd_data3_nb/iesdwa/qualitygates/wa/2021.1_ADP1_INT/code/iesd/cbridges_src/src/webservers/ccrs/src/chs/ccrs/servlet/BaseMarineContentHandlerServlet.java
     [java] /ies/iesd_data3_nb/iesdwa/qualitygates/wa/2021.1_ADP1_INT/code/iesd/cbridges_src/src/webservers/ccrs/src/chs/ccrs/servlet/CMPICDelegationServlet.java
     [java] /ies/iesd_data3_nb/iesdwa/qualitygates/wa/2021.1_ADP1_INT/code/iesd/cbridges_src/src/webservers/ccrs/src/chs/ccrs/servlet/CMPICDelegationServletConfig.java
     [java] /ies/iesd_data3_nb/iesdwa/qualitygates/wa/2021.1_ADP1_INT/code/iesd/cbridges_src/src/webservers/ccrs/src/chs/ccrs/servlet/CMPICRequestWrapper.java
     [java] /ies/iesd_data3_nb/iesdwa/qualitygates/wa/2021.1_ADP1_INT/code/iesd/cbridges_src/src/webservers/ccrs/src/chs/ccrs/servlet/LoginDelegationServlet.java
     [java] /ies/iesd_data3_nb/iesdwa/qualitygates/wa/2021.1_ADP1_INT/code/iesd/cbridges_src/src/webservers/ccrs/src/chs/ccrs/servlet/MarineActivityChecker.java
     [java] /ies/iesd_data3_nb/iesdwa/qualitygates/wa/2021.1_ADP1_INT/code/iesd/cbridges_src/src/webservers/ccrs/src/chs/ccrs/servlet/MarineAdministratorEmailServlet.java
     [java] /ies/iesd_data3_nb/iesdwa/qualitygates/wa/2021.1_ADP1_INT/code/iesd/cbridges_src/src/webservers/ccrs/src/chs/ccrs/servlet/MarineContentUploaderServlet.java
     [java] /ies/iesd_data3_nb/iesdwa/qualitygates/wa/2021.1_ADP1_INT/code/iesd/cbridges_src/src/webservers/ccrs/src/chs/ccrs/servlet/MarineDefaultWebServerServlet.java
     [java] /ies/iesd_data3_nb/iesdwa/qualitygates/wa/2021.1_ADP1_INT/code/iesd/cbridges_src/src/webservers/ccrs/src/chs/ccrs/servlet/MarineExportServlet.java
     [java] /ies/iesd_data3_nb/iesdwa/qualitygates/wa/2021.1_ADP1_INT/code/iesd/cbridges_src/src/webservers/ccrs/src/chs/ccrs/servlet/MarineLoginURLServlet.java
     [java] /ies/iesd_data3_nb/iesdwa/qualitygates/wa/2021.1_ADP1_INT/code/iesd/cbridges_src/src/webservers/ccrs/src/chs/ccrs/servlet/MarineScheduleSyncBackUpJob.java
     [java] /ies/iesd_data3_nb/iesdwa/qualitygates/wa/2021.1_ADP1_INT/code/iesd/cbridges_src/src/webservers/ccrs/src/chs/ccrs/servlet/MarineScheduleSyncServlet.java
     [java] /ies/iesd_data3_nb/iesdwa/qualitygates/wa/2021.1_ADP1_INT/code/iesd/cbridges_src/src/webservers/ccrs/src/chs/ccrs/servlet/MarineServletContextAdapter.java
     [java] /ies/iesd_data3_nb/iesdwa/qualitygates/wa/2021.1_ADP1_INT/code/iesd/cbridges_src/src/webservers/ccrs/src/chs/ccrs/servlet/MarineSessionInfoServlet.java
     [java] /ies/iesd_data3_nb/iesdwa/qualitygates/wa/2021.1_ADP1_INT/code/iesd/cbridges_src/src/webservers/ccrs/src/chs/ccrs/servlet/MarineSyncContentValidationServlet.java
     [java] /ies/iesd_data3_nb/iesdwa/qualitygates/wa/2021.1_ADP1_INT/code/iesd/cbridges_src/src/webservers/ccrs/src/chs/ccrs/servlet/MarineUserAuthenticationServlet.java
     [java] /ies/iesd_data3_nb/iesdwa/qualitygates/wa/2021.1_ADP1_INT/code/iesd/cbridges_src/src/webservers/ccrs/src/chs/ccrs/servlet/MarineWebServerServlet.java
     [java] /ies/iesd_data3_nb/iesdwa/qualitygates/wa/2021.1_ADP1_INT/code/iesd/cbridges_src/src/webservers/ccrs/src/chs/ccrs/servlet/ShutdownServlet.java
     [java] /ies/iesd_data3_nb/iesdwa/qualitygates/wa/2021.1_ADP1_INT/code/iesd/cbridges_src/src/webservers/ccrs/src/chs/ccrs/servlet/context/MarineDefaultWebAppContext.java
     [java] /ies/iesd_data3_nb/iesdwa/qualitygates/wa/2021.1_ADP1_INT/code/iesd/cbridges_src/src/webservers/ccrs/src/chs/ccrs/servlet/context/MarineFilterHolder.java
     [java] /ies/iesd_data3_nb/iesdwa/qualitygates/wa/2021.1_ADP1_INT/code/iesd/cbridges_src/src/webservers/ccrs/src/chs/ccrs/servlet/context/MarineFilterMapping.java
     [java] /ies/iesd_data3_nb/iesdwa/qualitygates/wa/2021.1_ADP1_INT/code/iesd/cbridges_src/src/webservers/ccrs/src/chs/ccrs/servlet/context/MarineServerCableInfoFilter.java
     [java] /ies/iesd_data3_nb/iesdwa/qualitygates/wa/2021.1_ADP1_INT/code/iesd/cbridges_src/src/webservers/ccrs/src/chs/ccrs/servlet/context/MarineServerDeviceInfoFilter.java
     [java] /ies/iesd_data3_nb/iesdwa/qualitygates/wa/2021.1_ADP1_INT/code/iesd/cbridges_src/src/webservers/ccrs/src/chs/ccrs/servlet/context/MarineServerNodeInfoFilter.java
     [java] /ies/iesd_data3_nb/iesdwa/qualitygates/wa/2021.1_ADP1_INT/code/iesd/cbridges_src/src/webservers/ccrs/src/chs/ccrs/servlet/context/MarineServerSegmentInfoFilter.java
     [java] /ies/iesd_data3_nb/iesdwa/qualitygates/wa/2021.1_ADP1_INT/code/iesd/cbridges_src/src/webservers/ccrs/src/chs/ccrs/servlet/context/MarineServerUOMFilter.java
     [java] /ies/iesd_data3_nb/iesdwa/qualitygates/wa/2021.1_ADP1_INT/code/iesd/cbridges_src/src/webservers/ccrs/src/chs/ccrs/servlet/context/MarineServletContextAdder.java
     [java] /ies/iesd_data3_nb/iesdwa/qualitygates/wa/2021.1_ADP1_INT/code/iesd/cbridges_src/src/webservers/ccrs/src/chs/ccrs/servlet/context/MarineServletContextAdderBuilder.java
     [java] /ies/iesd_data3_nb/iesdwa/qualitygates/wa/2021.1_ADP1_INT/code/iesd/cbridges_src/src/webservers/ccrs/src/chs/ccrs/servlet/context/MarineServletHolder.java
     [java] /ies/iesd_data3_nb/iesdwa/qualitygates/wa/2021.1_ADP1_INT/code/iesd/cbridges_src/src/webservers/ccrs/src/chs/ccrs/servlet/context/MarineServletMapping.java
     [java] /ies/iesd_data3_nb/iesdwa/qualitygates/wa/2021.1_ADP1_INT/code/iesd/cbridges_src/src/webservers/ccrs/src/chs/ccrs/servlet/context/MarineWebAppContext.java
     [java] /ies/iesd_data3_nb/iesdwa/qualitygates/wa/2021.1_ADP1_INT/code/iesd/cbridges_src/src/webservers/ccrs/src/chs/ccrs/servlet/context/MarineWebAppContextBuilder.java
     [java] /ies/iesd_data3_nb/iesdwa/qualitygates/wa/2021.1_ADP1_INT/code/iesd/cbridges_src/src/webservers/ccrs/src/chs/ccrs/servlet/task/AbstractMarineServletTask.java
     [java] /ies/iesd_data3_nb/iesdwa/qualitygates/wa/2021.1_ADP1_INT/code/iesd/cbridges_src/src/webservers/ccrs/src/chs/ccrs/servlet/task/responseheader/CMPICSessionAdditionTask.java
     [java] /ies/iesd_data3_nb/iesdwa/qualitygates/wa/2021.1_ADP1_INT/code/iesd/cbridges_src/src/webservers/ccrs/src/chs/ccrs/servlet/task/responseheader/cookieaddition/CMPICCookieBuilder.java
     [java] /ies/iesd_data3_nb/iesdwa/qualitygates/wa/2021.1_ADP1_INT/code/iesd/cbridges_src/src/webservers/ccrs/src/chs/ccrs/servlet/task/responseheader/cookieaddition/CMPICHeaderToCookieConverter.java
     [java] /ies/iesd_data3_nb/iesdwa/qualitygates/wa/2021.1_ADP1_INT/code/iesd/cbridges_src/src/webservers/ccrs/src/chs/ccrs/session/CMPICSessionInvalidator.java
     [java] /ies/iesd_data3_nb/iesdwa/qualitygates/wa/2021.1_ADP1_INT/code/iesd/cbridges_src/src/webservers/ccrs/src/chs/ccrs/session/MarineSessionManager.java
     [java] /ies/iesd_data3_nb/iesdwa/qualitygates/wa/2021.1_ADP1_INT/code/iesd/cbridges_src/src/webservers/ccrs/src/chs/ccrs/transform/AuthenticationDetailsTransformer.java
     [java] /ies/iesd_data3_nb/iesdwa/qualitygates/wa/2021.1_ADP1_INT/code/iesd/cbridges_src/src/webservers/ccrs/src/chs/ccrs/transform/BaseCMPICRequestTransformer.java
     [java] /ies/iesd_data3_nb/iesdwa/qualitygates/wa/2021.1_ADP1_INT/code/iesd/cbridges_src/src/webservers/ccrs/src/chs/ccrs/transform/ParameterEncodeRequestTransformer.java
     [java] /ies/iesd_data3_nb/iesdwa/qualitygates/wa/2021.1_ADP1_INT/code/iesd/cbridges_src/src/webservers/ccrs/src/chs/ccrs/ui/message/ConfigurationMissingMessageContent.java
     [java] /ies/iesd_data3_nb/iesdwa/qualitygates/wa/2021.1_ADP1_INT/code/iesd/cbridges_src/src/webservers/ccrs/src/chs/ccrs/ui/message/ContextMissingMessageContent.java
     [java] /ies/iesd_data3_nb/iesdwa/qualitygates/wa/2021.1_ADP1_INT/code/iesd/cbridges_src/src/webservers/ccrs/src/chs/ccrs/ui/message/ErrorMessageContent.java
     [java] /ies/iesd_data3_nb/iesdwa/qualitygates/wa/2021.1_ADP1_INT/code/iesd/cbridges_src/src/webservers/ccrs/src/chs/ccrs/ui/message/LicenseMessageContent.java
     [java] /ies/iesd_data3_nb/iesdwa/qualitygates/wa/2021.1_ADP1_INT/code/iesd/cbridges_src/src/webservers/ccrs/src/chs/ccrs/ui/message/MarineMessageDisplayUtil.java
     [java] /ies/iesd_data3_nb/iesdwa/qualitygates/wa/2021.1_ADP1_INT/code/iesd/cbridges_src/src/webservers/ccrs/src/chs/ccrs/ui/message/PortInUseMessageContent.java
     [java] /ies/iesd_data3_nb/iesdwa/qualitygates/wa/2021.1_ADP1_INT/code/iesd/cbridges_src/src/webservers/ccrs/src/chs/ccrs/ui/message/PortNotConfiguredMessageContent.java
     [java] /ies/iesd_data3_nb/iesdwa/qualitygates/wa/2021.1_ADP1_INT/code/iesd/cbridges_src/src/webservers/ccrs/src/chs/ccrs/ui/message/ServerURLMissingMessageContent.java
     [java] /ies/iesd_data3_nb/iesdwa/qualitygates/wa/2021.1_ADP1_INT/code/iesd/cbridges_src/src/webservers/ccrs/src/chs/ccrs/util/ByteBufferUtils.java
     [java] /ies/iesd_data3_nb/iesdwa/qualitygates/wa/2021.1_ADP1_INT/code/iesd/cbridges_src/src/webservers/ccrs/src/chs/ccrs/util/MarineSessionUtil.java
     [java] /ies/iesd_data3_nb/iesdwa/qualitygates/wa/2021.1_ADP1_INT/code/iesd/cbridges_src/src/webservers/ccrs/src/chs/ccrs/util/URLEncodeUtils.java
     [java] /ies/iesd_data3_nb/iesdwa/qualitygates/wa/2021.1_ADP1_INT/code/iesd/cbridges_src/src/webservers/ccrs/src/chs/ccrs/validate/CMPICXMLSchemaManager.java
     [java] /ies/iesd_data3_nb/iesdwa/qualitygates/wa/2021.1_ADP1_INT/code/iesd/cbridges_src/src/webservers/ccrs/src/chs/ccrs/validate/CMPICXMLValidator.java
     [java] /ies/iesd_data3_nb/iesdwa/qualitygates/wa/2021.1_ADP1_INT/code/iesd/cbridges_src/src/webservers/ccrs/src/chs/ccrs/validate/CMPIC_XML_API.xsd
     [java] /ies/iesd_data3_nb/iesdwa/qualitygates/wa/2021.1_ADP1_INT/code/iesd/cbridges_src/src/webservers/ccrs/src/chs/ccrs/validate/DefaultLSInput.java
     [java] /ies/iesd_data3_nb/iesdwa/qualitygates/wa/2021.1_ADP1_INT/code/iesd/cbridges_src/src/webservers/ccrs/src/chs/ccrs/validate/MarineExternalSchemaReferenceResolver.java
     [java] /ies/iesd_data3_nb/iesdwa/qualitygates/wa/2021.1_ADP1_INT/code/iesd/cbridges_src/src/webservers/ccrs/src/chs/ccrs/validate/MarineSessionValidator.java
     [java] /ies/iesd_data3_nb/iesdwa/qualitygates/wa/2021.1_ADP1_INT/code/iesd/cbridges_src/src/webservers/ccrs/src/chs/ccrs/validate/XMLValidationResult.java
     [java] /ies/iesd_data3_nb/iesdwa/qualitygates/wa/2021.1_ADP1_INT/code/iesd/cbridges_src/tests/src/chs/cablerouteradmin/CableRouterAdminTest.java
     [java] /ies/iesd_data3_nb/iesdwa/qualitygates/wa/2021.1_ADP1_INT/code/iesd/cbridges_src/tests/src/chs/ccrs/MarineServerMainTest.java
     [java] /ies/iesd_data3_nb/iesdwa/qualitygates/wa/2021.1_ADP1_INT/code/iesd/cbridges_src/tests/src/chs/ccrs/MarineTestLogger.java
     [java] /ies/iesd_data3_nb/iesdwa/qualitygates/wa/2021.1_ADP1_INT/code/iesd/cbridges_src/tests/src/chs/ccrs/config/CcrsConfigTest.java
     [java] /ies/iesd_data3_nb/iesdwa/qualitygates/wa/2021.1_ADP1_INT/code/iesd/cbridges_src/tests/src/chs/ccrs/config/MarinePropsFileNamesMockUp.java
     [java] /ies/iesd_data3_nb/iesdwa/qualitygates/wa/2021.1_ADP1_INT/code/iesd/cbridges_src/tests/src/chs/ccrs/config/MarineServerConfigurationTest.java
     [java] /ies/iesd_data3_nb/iesdwa/qualitygates/wa/2021.1_ADP1_INT/code/iesd/cbridges_src/tests/src/chs/ccrs/config/MarineServerConfigurationUtilTest.java
     [java] /ies/iesd_data3_nb/iesdwa/qualitygates/wa/2021.1_ADP1_INT/code/iesd/cbridges_src/tests/src/chs/ccrs/config/MockMarinePropsFileTestCase.java
     [java] /ies/iesd_data3_nb/iesdwa/qualitygates/wa/2021.1_ADP1_INT/code/iesd/cbridges_src/tests/src/chs/ccrs/constants/MarineRequestParameterNamesTest.java
     [java] /ies/iesd_data3_nb/iesdwa/qualitygates/wa/2021.1_ADP1_INT/code/iesd/cbridges_src/tests/src/chs/ccrs/constants/MarineServerApplicationTest.java
     [java] /ies/iesd_data3_nb/iesdwa/qualitygates/wa/2021.1_ADP1_INT/code/iesd/cbridges_src/tests/src/chs/ccrs/constants/MarineServerExecutableCommandsTest.java
     [java] /ies/iesd_data3_nb/iesdwa/qualitygates/wa/2021.1_ADP1_INT/code/iesd/cbridges_src/tests/src/chs/ccrs/constants/MarineServerSessionTest.java
     [java] /ies/iesd_data3_nb/iesdwa/qualitygates/wa/2021.1_ADP1_INT/code/iesd/cbridges_src/tests/src/chs/ccrs/constants/MarineStandardCharsetTest.java
     [java] /ies/iesd_data3_nb/iesdwa/qualitygates/wa/2021.1_ADP1_INT/code/iesd/cbridges_src/tests/src/chs/ccrs/constants/MarineWebTest.java
     [java] /ies/iesd_data3_nb/iesdwa/qualitygates/wa/2021.1_ADP1_INT/code/iesd/cbridges_src/tests/src/chs/ccrs/datamanagement/sync/BaseMarineXMLUploadTestCase.java
     [java] /ies/iesd_data3_nb/iesdwa/qualitygates/wa/2021.1_ADP1_INT/code/iesd/cbridges_src/tests/src/chs/ccrs/datamanagement/sync/BaseXMLUploadTest.java
     [java] /ies/iesd_data3_nb/iesdwa/qualitygates/wa/2021.1_ADP1_INT/code/iesd/cbridges_src/tests/src/chs/ccrs/datamanagement/sync/MarineScheduleXMLUploadTest.java
     [java] /ies/iesd_data3_nb/iesdwa/qualitygates/wa/2021.1_ADP1_INT/code/iesd/cbridges_src/tests/src/chs/ccrs/datamanagement/sync/MarineScheduleXMLUploaderJobExecutionTest.java
     [java] /ies/iesd_data3_nb/iesdwa/qualitygates/wa/2021.1_ADP1_INT/code/iesd/cbridges_src/tests/src/chs/ccrs/datamanagement/sync/MarineTestLoggerVerifier.java
     [java] /ies/iesd_data3_nb/iesdwa/qualitygates/wa/2021.1_ADP1_INT/code/iesd/cbridges_src/tests/src/chs/ccrs/datamanagement/sync/MarineTestScheduler.java
     [java] /ies/iesd_data3_nb/iesdwa/qualitygates/wa/2021.1_ADP1_INT/code/iesd/cbridges_src/tests/src/chs/ccrs/datamanagement/sync/MarineXMLUploadTest.java
     [java] /ies/iesd_data3_nb/iesdwa/qualitygates/wa/2021.1_ADP1_INT/code/iesd/cbridges_src/tests/src/chs/ccrs/datamanagement/sync/MarineXMLUploaderJobExecutionTest.java
     [java] /ies/iesd_data3_nb/iesdwa/qualitygates/wa/2021.1_ADP1_INT/code/iesd/cbridges_src/tests/src/chs/ccrs/datamanagement/sync/MarineXMLUploaderJobTest.java
     [java] /ies/iesd_data3_nb/iesdwa/qualitygates/wa/2021.1_ADP1_INT/code/iesd/cbridges_src/tests/src/chs/ccrs/datamanagement/sync/TestMarineScheduleXMLUploaderJob.java
     [java] /ies/iesd_data3_nb/iesdwa/qualitygates/wa/2021.1_ADP1_INT/code/iesd/cbridges_src/tests/src/chs/ccrs/datamanagement/sync/TestMarineXMLUploaderJob.java
     [java] /ies/iesd_data3_nb/iesdwa/qualitygates/wa/2021.1_ADP1_INT/code/iesd/cbridges_src/tests/src/chs/ccrs/datamanagement/sync/client/FTPClientCreatorTest.java
     [java] /ies/iesd_data3_nb/iesdwa/qualitygates/wa/2021.1_ADP1_INT/code/iesd/cbridges_src/tests/src/chs/ccrs/datamanagement/sync/client/MarineFTPClientTest.java
     [java] /ies/iesd_data3_nb/iesdwa/qualitygates/wa/2021.1_ADP1_INT/code/iesd/cbridges_src/tests/src/chs/ccrs/datamanagement/sync/client/MarineNoOpFileExchangeClientTest.java
     [java] /ies/iesd_data3_nb/iesdwa/qualitygates/wa/2021.1_ADP1_INT/code/iesd/cbridges_src/tests/src/chs/ccrs/datamanagement/sync/client/MarineSFTPClientTest.java
     [java] /ies/iesd_data3_nb/iesdwa/qualitygates/wa/2021.1_ADP1_INT/code/iesd/cbridges_src/tests/src/chs/ccrs/datamanagement/sync/client/MarineSyncUploadClientBuilderTest.java
     [java] /ies/iesd_data3_nb/iesdwa/qualitygates/wa/2021.1_ADP1_INT/code/iesd/cbridges_src/tests/src/chs/ccrs/datamanagement/sync/client/TestMarineSFTPClient.java
     [java] /ies/iesd_data3_nb/iesdwa/qualitygates/wa/2021.1_ADP1_INT/code/iesd/cbridges_src/tests/src/chs/ccrs/datamanagement/sync/client/TestMarineSFTPClientBuilder.java
     [java] /ies/iesd_data3_nb/iesdwa/qualitygates/wa/2021.1_ADP1_INT/code/iesd/cbridges_src/tests/src/chs/ccrs/datamanagement/sync/config/MarineSyncConfigurationReaderTest.java
     [java] /ies/iesd_data3_nb/iesdwa/qualitygates/wa/2021.1_ADP1_INT/code/iesd/cbridges_src/tests/src/chs/ccrs/datamanagement/sync/model/MarineUploadXMLModelTest.java
     [java] /ies/iesd_data3_nb/iesdwa/qualitygates/wa/2021.1_ADP1_INT/code/iesd/cbridges_src/tests/src/chs/ccrs/datamanagement/sync/schedule/MarineInstantSyncTriggerBuilderTest.java
     [java] /ies/iesd_data3_nb/iesdwa/qualitygates/wa/2021.1_ADP1_INT/code/iesd/cbridges_src/tests/src/chs/ccrs/datamanagement/sync/schedule/MarineLogBackupTriggerBuilderTest.java
     [java] /ies/iesd_data3_nb/iesdwa/qualitygates/wa/2021.1_ADP1_INT/code/iesd/cbridges_src/tests/src/chs/ccrs/datamanagement/sync/schedule/MarineScheduleSyncTriggerBuilderTest.java
     [java] /ies/iesd_data3_nb/iesdwa/qualitygates/wa/2021.1_ADP1_INT/code/iesd/cbridges_src/tests/src/chs/ccrs/datamanagement/sync/schedule/MarineSyncConfigurationReaderMockUp.java
     [java] /ies/iesd_data3_nb/iesdwa/qualitygates/wa/2021.1_ADP1_INT/code/iesd/cbridges_src/tests/src/chs/ccrs/datamanagement/sync/schedule/MarineSyncUploadClientBuilderMockUp.java
     [java] /ies/iesd_data3_nb/iesdwa/qualitygates/wa/2021.1_ADP1_INT/code/iesd/cbridges_src/tests/src/chs/ccrs/datamanagement/sync/schedule/MarineUploadScheduleManagerTest.java
     [java] /ies/iesd_data3_nb/iesdwa/qualitygates/wa/2021.1_ADP1_INT/code/iesd/cbridges_src/tests/src/chs/ccrs/datamanagement/sync/schedule/MarineUploadSchedulerMockUp.java
     [java] /ies/iesd_data3_nb/iesdwa/qualitygates/wa/2021.1_ADP1_INT/code/iesd/cbridges_src/tests/src/chs/ccrs/datamanagement/sync/schedule/MarineUploadSchedulerTest.java
     [java] /ies/iesd_data3_nb/iesdwa/qualitygates/wa/2021.1_ADP1_INT/code/iesd/cbridges_src/tests/src/chs/ccrs/datamanagement/sync/schedule/MarineXMLFileVisitorTest.java
     [java] /ies/iesd_data3_nb/iesdwa/qualitygates/wa/2021.1_ADP1_INT/code/iesd/cbridges_src/tests/src/chs/ccrs/datamanagement/sync/validate/MarineDataCronValidatorTest.java
     [java] /ies/iesd_data3_nb/iesdwa/qualitygates/wa/2021.1_ADP1_INT/code/iesd/cbridges_src/tests/src/chs/ccrs/datamanagement/sync/validate/MarineSyncConfigurationValidatorTest.java
     [java] /ies/iesd_data3_nb/iesdwa/qualitygates/wa/2021.1_ADP1_INT/code/iesd/cbridges_src/tests/src/chs/ccrs/exception/MarineExceptionHandlerTest.java
     [java] /ies/iesd_data3_nb/iesdwa/qualitygates/wa/2021.1_ADP1_INT/code/iesd/cbridges_src/tests/src/chs/ccrs/filters/MarineActivityFilterTest.java
     [java] /ies/iesd_data3_nb/iesdwa/qualitygates/wa/2021.1_ADP1_INT/code/iesd/cbridges_src/tests/src/chs/ccrs/filters/MarineAdmininstratorDetailFilterTest.java
     [java] /ies/iesd_data3_nb/iesdwa/qualitygates/wa/2021.1_ADP1_INT/code/iesd/cbridges_src/tests/src/chs/ccrs/filters/MarineAuthenticationFilterTest.java
     [java] /ies/iesd_data3_nb/iesdwa/qualitygates/wa/2021.1_ADP1_INT/code/iesd/cbridges_src/tests/src/chs/ccrs/filters/MarineLoginURLFilterTest.java
     [java] /ies/iesd_data3_nb/iesdwa/qualitygates/wa/2021.1_ADP1_INT/code/iesd/cbridges_src/tests/src/chs/ccrs/filters/MarineResourceAccessFilterTest.java
     [java] /ies/iesd_data3_nb/iesdwa/qualitygates/wa/2021.1_ADP1_INT/code/iesd/cbridges_src/tests/src/chs/ccrs/filters/MarineScheduleSyncFilterTest.java
     [java] /ies/iesd_data3_nb/iesdwa/qualitygates/wa/2021.1_ADP1_INT/code/iesd/cbridges_src/tests/src/chs/ccrs/filters/MarineServerShutdownFilterTest.java
     [java] /ies/iesd_data3_nb/iesdwa/qualitygates/wa/2021.1_ADP1_INT/code/iesd/cbridges_src/tests/src/chs/ccrs/filters/MarineSessionInfoFilterTest.java
     [java] /ies/iesd_data3_nb/iesdwa/qualitygates/wa/2021.1_ADP1_INT/code/iesd/cbridges_src/tests/src/chs/ccrs/filters/MarineSyncContentUploadFilterTest.java
     [java] /ies/iesd_data3_nb/iesdwa/qualitygates/wa/2021.1_ADP1_INT/code/iesd/cbridges_src/tests/src/chs/ccrs/filters/MarineSyncXMLContentValidationFilterTest.java
     [java] /ies/iesd_data3_nb/iesdwa/qualitygates/wa/2021.1_ADP1_INT/code/iesd/cbridges_src/tests/src/chs/ccrs/model/MarineServerDetailsTest.java
     [java] /ies/iesd_data3_nb/iesdwa/qualitygates/wa/2021.1_ADP1_INT/code/iesd/cbridges_src/tests/src/chs/ccrs/model/cmpic/MultiCMPICResponseDataBuilderTest.java
     [java] /ies/iesd_data3_nb/iesdwa/qualitygates/wa/2021.1_ADP1_INT/code/iesd/cbridges_src/tests/src/chs/ccrs/model/object/nx/NXCableAdapterTest.java
     [java] /ies/iesd_data3_nb/iesdwa/qualitygates/wa/2021.1_ADP1_INT/code/iesd/cbridges_src/tests/src/chs/ccrs/model/object/nx/NXDeviceAdapterTest.java
     [java] /ies/iesd_data3_nb/iesdwa/qualitygates/wa/2021.1_ADP1_INT/code/iesd/cbridges_src/tests/src/chs/ccrs/model/object/nx/NXNodeAdapterTest.java
     [java] /ies/iesd_data3_nb/iesdwa/qualitygates/wa/2021.1_ADP1_INT/code/iesd/cbridges_src/tests/src/chs/ccrs/model/object/nx/NXSegmentAdapterTest.java
     [java] /ies/iesd_data3_nb/iesdwa/qualitygates/wa/2021.1_ADP1_INT/code/iesd/cbridges_src/tests/src/chs/ccrs/model/object/nx/NXUOMAdapterTest.java
     [java] /ies/iesd_data3_nb/iesdwa/qualitygates/wa/2021.1_ADP1_INT/code/iesd/cbridges_src/tests/src/chs/ccrs/rest/CableServiceTest.java
     [java] /ies/iesd_data3_nb/iesdwa/qualitygates/wa/2021.1_ADP1_INT/code/iesd/cbridges_src/tests/src/chs/ccrs/rest/DeviceServiceTest.java
     [java] /ies/iesd_data3_nb/iesdwa/qualitygates/wa/2021.1_ADP1_INT/code/iesd/cbridges_src/tests/src/chs/ccrs/rest/NXCMRequestWrapperTest.java
     [java] /ies/iesd_data3_nb/iesdwa/qualitygates/wa/2021.1_ADP1_INT/code/iesd/cbridges_src/tests/src/chs/ccrs/rest/NXSessionManagerTest.java
     [java] /ies/iesd_data3_nb/iesdwa/qualitygates/wa/2021.1_ADP1_INT/code/iesd/cbridges_src/tests/src/chs/ccrs/rest/NodeServiceTest.java
     [java] /ies/iesd_data3_nb/iesdwa/qualitygates/wa/2021.1_ADP1_INT/code/iesd/cbridges_src/tests/src/chs/ccrs/rest/SegmentServiceTest.java
     [java] /ies/iesd_data3_nb/iesdwa/qualitygates/wa/2021.1_ADP1_INT/code/iesd/cbridges_src/tests/src/chs/ccrs/rest/UOMServiceTest.java
     [java] /ies/iesd_data3_nb/iesdwa/qualitygates/wa/2021.1_ADP1_INT/code/iesd/cbridges_src/tests/src/chs/ccrs/rest/contenttransformer/BaseCMPICResponseTransformerTestCase.java
     [java] /ies/iesd_data3_nb/iesdwa/qualitygates/wa/2021.1_ADP1_INT/code/iesd/cbridges_src/tests/src/chs/ccrs/rest/contenttransformer/CMPICToNXCableTransformerTest.java
     [java] /ies/iesd_data3_nb/iesdwa/qualitygates/wa/2021.1_ADP1_INT/code/iesd/cbridges_src/tests/src/chs/ccrs/rest/contenttransformer/CMPICToNXDeviceTransformerTest.java
     [java] /ies/iesd_data3_nb/iesdwa/qualitygates/wa/2021.1_ADP1_INT/code/iesd/cbridges_src/tests/src/chs/ccrs/rest/contenttransformer/CMPICToNXNodeTransformerTest.java
     [java] /ies/iesd_data3_nb/iesdwa/qualitygates/wa/2021.1_ADP1_INT/code/iesd/cbridges_src/tests/src/chs/ccrs/rest/contenttransformer/CMPICToNXSegmentTransformerTest.java
     [java] /ies/iesd_data3_nb/iesdwa/qualitygates/wa/2021.1_ADP1_INT/code/iesd/cbridges_src/tests/src/chs/ccrs/rest/contenttransformer/CMPICToNXUOMTransformerTest.java
     [java] /ies/iesd_data3_nb/iesdwa/qualitygates/wa/2021.1_ADP1_INT/code/iesd/cbridges_src/tests/src/chs/ccrs/server/MarineServerTest.java
     [java] /ies/iesd_data3_nb/iesdwa/qualitygates/wa/2021.1_ADP1_INT/code/iesd/cbridges_src/tests/src/chs/ccrs/server/start/DisplayFeedbackMessageTaskTest.java
     [java] /ies/iesd_data3_nb/iesdwa/qualitygates/wa/2021.1_ADP1_INT/code/iesd/cbridges_src/tests/src/chs/ccrs/server/start/FakeFunction.java
     [java] /ies/iesd_data3_nb/iesdwa/qualitygates/wa/2021.1_ADP1_INT/code/iesd/cbridges_src/tests/src/chs/ccrs/server/start/FakeServerSocket.java
     [java] /ies/iesd_data3_nb/iesdwa/qualitygates/wa/2021.1_ADP1_INT/code/iesd/cbridges_src/tests/src/chs/ccrs/server/start/LicenseAndReportInitializationTaskTest.java
     [java] /ies/iesd_data3_nb/iesdwa/qualitygates/wa/2021.1_ADP1_INT/code/iesd/cbridges_src/tests/src/chs/ccrs/server/start/MarineServerStartLifecycleTaskTest.java
     [java] /ies/iesd_data3_nb/iesdwa/qualitygates/wa/2021.1_ADP1_INT/code/iesd/cbridges_src/tests/src/chs/ccrs/server/start/PortValidationTaskTest.java
     [java] /ies/iesd_data3_nb/iesdwa/qualitygates/wa/2021.1_ADP1_INT/code/iesd/cbridges_src/tests/src/chs/ccrs/server/start/PreInitializationTaskTest.java
     [java] /ies/iesd_data3_nb/iesdwa/qualitygates/wa/2021.1_ADP1_INT/code/iesd/cbridges_src/tests/src/chs/ccrs/server/start/ServerPortSetupTaskTest.java
     [java] /ies/iesd_data3_nb/iesdwa/qualitygates/wa/2021.1_ADP1_INT/code/iesd/cbridges_src/tests/src/chs/ccrs/server/start/StartLifecycleTaskChainBuilderTest.java
     [java] /ies/iesd_data3_nb/iesdwa/qualitygates/wa/2021.1_ADP1_INT/code/iesd/cbridges_src/tests/src/chs/ccrs/server/start/StartServerTaskTest.java
     [java] /ies/iesd_data3_nb/iesdwa/qualitygates/wa/2021.1_ADP1_INT/code/iesd/cbridges_src/tests/src/chs/ccrs/server/stop/MarineServerStopLifecycleTaskTest.java
     [java] /ies/iesd_data3_nb/iesdwa/qualitygates/wa/2021.1_ADP1_INT/code/iesd/cbridges_src/tests/src/chs/ccrs/server/stop/StopServerServiceTest.java
     [java] /ies/iesd_data3_nb/iesdwa/qualitygates/wa/2021.1_ADP1_INT/code/iesd/cbridges_src/tests/src/chs/ccrs/server/stop/StopServerTaskTest.java
     [java] /ies/iesd_data3_nb/iesdwa/qualitygates/wa/2021.1_ADP1_INT/code/iesd/cbridges_src/tests/src/chs/ccrs/servlet/CMPICDelegationServletConfigTest.java
     [java] /ies/iesd_data3_nb/iesdwa/qualitygates/wa/2021.1_ADP1_INT/code/iesd/cbridges_src/tests/src/chs/ccrs/servlet/CMPICDelegationServletTest.java
     [java] /ies/iesd_data3_nb/iesdwa/qualitygates/wa/2021.1_ADP1_INT/code/iesd/cbridges_src/tests/src/chs/ccrs/servlet/CMPICRequestWrapperTest.java
     [java] /ies/iesd_data3_nb/iesdwa/qualitygates/wa/2021.1_ADP1_INT/code/iesd/cbridges_src/tests/src/chs/ccrs/servlet/LoginDelegationServletTest.java
     [java] /ies/iesd_data3_nb/iesdwa/qualitygates/wa/2021.1_ADP1_INT/code/iesd/cbridges_src/tests/src/chs/ccrs/servlet/MarineActivityCheckerTest.java
     [java] /ies/iesd_data3_nb/iesdwa/qualitygates/wa/2021.1_ADP1_INT/code/iesd/cbridges_src/tests/src/chs/ccrs/servlet/MarineAdministratorEmailServletTest.java
     [java] /ies/iesd_data3_nb/iesdwa/qualitygates/wa/2021.1_ADP1_INT/code/iesd/cbridges_src/tests/src/chs/ccrs/servlet/MarineContentUploaderServletTest.java
     [java] /ies/iesd_data3_nb/iesdwa/qualitygates/wa/2021.1_ADP1_INT/code/iesd/cbridges_src/tests/src/chs/ccrs/servlet/MarineDefaultWebServerServletTest.java
     [java] /ies/iesd_data3_nb/iesdwa/qualitygates/wa/2021.1_ADP1_INT/code/iesd/cbridges_src/tests/src/chs/ccrs/servlet/MarineLoginURLServletTest.java
     [java] /ies/iesd_data3_nb/iesdwa/qualitygates/wa/2021.1_ADP1_INT/code/iesd/cbridges_src/tests/src/chs/ccrs/servlet/MarineScheduleSyncBackUpJobTest.java
     [java] /ies/iesd_data3_nb/iesdwa/qualitygates/wa/2021.1_ADP1_INT/code/iesd/cbridges_src/tests/src/chs/ccrs/servlet/MarineScheduleSyncServletTest.java
     [java] /ies/iesd_data3_nb/iesdwa/qualitygates/wa/2021.1_ADP1_INT/code/iesd/cbridges_src/tests/src/chs/ccrs/servlet/MarineServletContextAdapterTest.java
     [java] /ies/iesd_data3_nb/iesdwa/qualitygates/wa/2021.1_ADP1_INT/code/iesd/cbridges_src/tests/src/chs/ccrs/servlet/MarineSessionInfoServletTest.java
     [java] /ies/iesd_data3_nb/iesdwa/qualitygates/wa/2021.1_ADP1_INT/code/iesd/cbridges_src/tests/src/chs/ccrs/servlet/MarineSyncContentValidationServletTest.java
     [java] /ies/iesd_data3_nb/iesdwa/qualitygates/wa/2021.1_ADP1_INT/code/iesd/cbridges_src/tests/src/chs/ccrs/servlet/MarineTestMockPart.java
     [java] /ies/iesd_data3_nb/iesdwa/qualitygates/wa/2021.1_ADP1_INT/code/iesd/cbridges_src/tests/src/chs/ccrs/servlet/MarineTestPrintWriter.java
     [java] /ies/iesd_data3_nb/iesdwa/qualitygates/wa/2021.1_ADP1_INT/code/iesd/cbridges_src/tests/src/chs/ccrs/servlet/MarineUserAuthenticationServletTest.java
     [java] /ies/iesd_data3_nb/iesdwa/qualitygates/wa/2021.1_ADP1_INT/code/iesd/cbridges_src/tests/src/chs/ccrs/servlet/MarineWebServerServletDefaultHandlerTest.java
     [java] /ies/iesd_data3_nb/iesdwa/qualitygates/wa/2021.1_ADP1_INT/code/iesd/cbridges_src/tests/src/chs/ccrs/servlet/MarineWebServerServletDelegationTest.java
     [java] /ies/iesd_data3_nb/iesdwa/qualitygates/wa/2021.1_ADP1_INT/code/iesd/cbridges_src/tests/src/chs/ccrs/servlet/MarineWebServerServletRedirectionTest.java
     [java] /ies/iesd_data3_nb/iesdwa/qualitygates/wa/2021.1_ADP1_INT/code/iesd/cbridges_src/tests/src/chs/ccrs/servlet/ShutdownServletTest.java
     [java] /ies/iesd_data3_nb/iesdwa/qualitygates/wa/2021.1_ADP1_INT/code/iesd/cbridges_src/tests/src/chs/ccrs/servlet/context/BaseMarineServerFilterPropertiesMockedTestCase.java
     [java] /ies/iesd_data3_nb/iesdwa/qualitygates/wa/2021.1_ADP1_INT/code/iesd/cbridges_src/tests/src/chs/ccrs/servlet/context/BaseMarineServerFilterTestCase.java
     [java] /ies/iesd_data3_nb/iesdwa/qualitygates/wa/2021.1_ADP1_INT/code/iesd/cbridges_src/tests/src/chs/ccrs/servlet/context/MarineDefaultWebAppContextTest.java
     [java] /ies/iesd_data3_nb/iesdwa/qualitygates/wa/2021.1_ADP1_INT/code/iesd/cbridges_src/tests/src/chs/ccrs/servlet/context/MarineFilterHolderTest.java
     [java] /ies/iesd_data3_nb/iesdwa/qualitygates/wa/2021.1_ADP1_INT/code/iesd/cbridges_src/tests/src/chs/ccrs/servlet/context/MarineFilterMappingTest.java
     [java] /ies/iesd_data3_nb/iesdwa/qualitygates/wa/2021.1_ADP1_INT/code/iesd/cbridges_src/tests/src/chs/ccrs/servlet/context/MarineServerCableInfoFilterTest.java
     [java] /ies/iesd_data3_nb/iesdwa/qualitygates/wa/2021.1_ADP1_INT/code/iesd/cbridges_src/tests/src/chs/ccrs/servlet/context/MarineServerDeviceInfoFilterTest.java
     [java] /ies/iesd_data3_nb/iesdwa/qualitygates/wa/2021.1_ADP1_INT/code/iesd/cbridges_src/tests/src/chs/ccrs/servlet/context/MarineServerNodeInfoFilterTest.java
     [java] /ies/iesd_data3_nb/iesdwa/qualitygates/wa/2021.1_ADP1_INT/code/iesd/cbridges_src/tests/src/chs/ccrs/servlet/context/MarineServerSegmentInfoFilterTest.java
     [java] /ies/iesd_data3_nb/iesdwa/qualitygates/wa/2021.1_ADP1_INT/code/iesd/cbridges_src/tests/src/chs/ccrs/servlet/context/MarineServerUOMFilterTest.java
     [java] /ies/iesd_data3_nb/iesdwa/qualitygates/wa/2021.1_ADP1_INT/code/iesd/cbridges_src/tests/src/chs/ccrs/servlet/context/MarineServletContextAdderBuilderTest.java
     [java] /ies/iesd_data3_nb/iesdwa/qualitygates/wa/2021.1_ADP1_INT/code/iesd/cbridges_src/tests/src/chs/ccrs/servlet/context/MarineServletContextAdderTest.java
     [java] /ies/iesd_data3_nb/iesdwa/qualitygates/wa/2021.1_ADP1_INT/code/iesd/cbridges_src/tests/src/chs/ccrs/servlet/context/MarineServletHolderTest.java
     [java] /ies/iesd_data3_nb/iesdwa/qualitygates/wa/2021.1_ADP1_INT/code/iesd/cbridges_src/tests/src/chs/ccrs/servlet/context/MarineServletMappingTest.java
     [java] /ies/iesd_data3_nb/iesdwa/qualitygates/wa/2021.1_ADP1_INT/code/iesd/cbridges_src/tests/src/chs/ccrs/servlet/context/MarineTestServiceStatus.java
     [java] /ies/iesd_data3_nb/iesdwa/qualitygates/wa/2021.1_ADP1_INT/code/iesd/cbridges_src/tests/src/chs/ccrs/servlet/task/AbstractMarineServletTaskTest.java
     [java] /ies/iesd_data3_nb/iesdwa/qualitygates/wa/2021.1_ADP1_INT/code/iesd/cbridges_src/tests/src/chs/ccrs/servlet/task/responseheader/CMPICSessionAdditionTaskTest.java
     [java] /ies/iesd_data3_nb/iesdwa/qualitygates/wa/2021.1_ADP1_INT/code/iesd/cbridges_src/tests/src/chs/ccrs/servlet/task/responseheader/cookieaddition/CMPICCookieBuilderTest.java
     [java] /ies/iesd_data3_nb/iesdwa/qualitygates/wa/2021.1_ADP1_INT/code/iesd/cbridges_src/tests/src/chs/ccrs/servlet/task/responseheader/cookieaddition/CMPICHeaderToCookieConverterTest.java
     [java] /ies/iesd_data3_nb/iesdwa/qualitygates/wa/2021.1_ADP1_INT/code/iesd/cbridges_src/tests/src/chs/ccrs/session/CMPICSessionInvalidatorTest.java
     [java] /ies/iesd_data3_nb/iesdwa/qualitygates/wa/2021.1_ADP1_INT/code/iesd/cbridges_src/tests/src/chs/ccrs/session/MarineSessionManagerTest.java
     [java] /ies/iesd_data3_nb/iesdwa/qualitygates/wa/2021.1_ADP1_INT/code/iesd/cbridges_src/tests/src/chs/ccrs/transform/AbstractRequestTransformerTestCase.java
     [java] /ies/iesd_data3_nb/iesdwa/qualitygates/wa/2021.1_ADP1_INT/code/iesd/cbridges_src/tests/src/chs/ccrs/transform/AuthenticationDetailsTransformerTest.java
     [java] /ies/iesd_data3_nb/iesdwa/qualitygates/wa/2021.1_ADP1_INT/code/iesd/cbridges_src/tests/src/chs/ccrs/transform/BaseCMPICRequestTransformerTest.java
     [java] /ies/iesd_data3_nb/iesdwa/qualitygates/wa/2021.1_ADP1_INT/code/iesd/cbridges_src/tests/src/chs/ccrs/transform/ParameterEncodeRequestTransformerTest.java
     [java] /ies/iesd_data3_nb/iesdwa/qualitygates/wa/2021.1_ADP1_INT/code/iesd/cbridges_src/tests/src/chs/ccrs/ui/message/ConfigurationMissingMessageContentTest.java
     [java] /ies/iesd_data3_nb/iesdwa/qualitygates/wa/2021.1_ADP1_INT/code/iesd/cbridges_src/tests/src/chs/ccrs/ui/message/ContextMissingMessageContentTest.java
     [java] /ies/iesd_data3_nb/iesdwa/qualitygates/wa/2021.1_ADP1_INT/code/iesd/cbridges_src/tests/src/chs/ccrs/ui/message/ErrorMessageConentTest.java
     [java] /ies/iesd_data3_nb/iesdwa/qualitygates/wa/2021.1_ADP1_INT/code/iesd/cbridges_src/tests/src/chs/ccrs/ui/message/LicenseMessageContentTest.java
     [java] /ies/iesd_data3_nb/iesdwa/qualitygates/wa/2021.1_ADP1_INT/code/iesd/cbridges_src/tests/src/chs/ccrs/ui/message/MarineMessageDisplayUtilTest.java
     [java] /ies/iesd_data3_nb/iesdwa/qualitygates/wa/2021.1_ADP1_INT/code/iesd/cbridges_src/tests/src/chs/ccrs/ui/message/PortInUseMessageContentTest.java
     [java] /ies/iesd_data3_nb/iesdwa/qualitygates/wa/2021.1_ADP1_INT/code/iesd/cbridges_src/tests/src/chs/ccrs/ui/message/PortNotConfiguredMessageContentTest.java
     [java] /ies/iesd_data3_nb/iesdwa/qualitygates/wa/2021.1_ADP1_INT/code/iesd/cbridges_src/tests/src/chs/ccrs/ui/message/ServerURLMissingMessageContentTest.java
     [java] /ies/iesd_data3_nb/iesdwa/qualitygates/wa/2021.1_ADP1_INT/code/iesd/cbridges_src/tests/src/chs/ccrs/util/MarineSynchronizationTestUtil.java
     [java] /ies/iesd_data3_nb/iesdwa/qualitygates/wa/2021.1_ADP1_INT/code/iesd/cbridges_src/tests/src/chs/ccrs/util/MarineTestFilesMockUp.java
     [java] /ies/iesd_data3_nb/iesdwa/qualitygates/wa/2021.1_ADP1_INT/code/iesd/cbridges_src/tests/src/chs/ccrs/util/MarineTestUtil.java
     [java] /ies/iesd_data3_nb/iesdwa/qualitygates/wa/2021.1_ADP1_INT/code/iesd/cbridges_src/tests/src/chs/ccrs/validate/CMPICXMLSchemaManagerTest.java
     [java] /ies/iesd_data3_nb/iesdwa/qualitygates/wa/2021.1_ADP1_INT/code/iesd/cbridges_src/tests/src/chs/ccrs/validate/CMPICXMLValidatorExceptionHandlingTest.java
     [java] /ies/iesd_data3_nb/iesdwa/qualitygates/wa/2021.1_ADP1_INT/code/iesd/cbridges_src/tests/src/chs/ccrs/validate/CMPICXMLValidatorTest.java
     [java] /ies/iesd_data3_nb/iesdwa/qualitygates/wa/2021.1_ADP1_INT/code/iesd/cbridges_src/tests/src/chs/ccrs/validate/DefaultLSInputTest.java
     [java] /ies/iesd_data3_nb/iesdwa/qualitygates/wa/2021.1_ADP1_INT/code/iesd/cbridges_src/tests/src/chs/ccrs/validate/MarineExternalSchemaReferenceResolverTest.java
     [java] /ies/iesd_data3_nb/iesdwa/qualitygates/wa/2021.1_ADP1_INT/code/iesd/cbridges_src/tests/src/chs/ccrs/validate/MarineSessionValidatorTest.java
     [java] /ies/iesd_data3_nb/iesdwa/qualitygates/wa/2021.1_ADP1_INT/code/iesd/cbridges_src/tests/testData/chs/ccrs/test_ccrs_config.xml
     [java] /ies/iesd_data3_nb/iesdwa/qualitygates/wa/2021.1_ADP1_INT/code/iesd/cextensions_src/cablerouter_webapp/capitalcablerouter.war
     [java] /ies/iesd_data3_nb/iesdwa/qualitygates/wa/2021.1_ADP1_INT/code/iesd/cframework_src/src/caf/src/chs/caf/cafmain/actions/TeamcenterLogicReportExchangeAction.java
     [java] /ies/iesd_data3_nb/iesdwa/qualitygates/wa/2021.1_ADP1_INT/code/iesd/cframework_src/src/caf/src/chs/caf/cafmain/actions/bridges/LogicBOMReportCreator.java
     [java] /ies/iesd_data3_nb/iesdwa/qualitygates/wa/2021.1_ADP1_INT/code/iesd/ctools_src/src/chsboot/VSSolution/chsboot/CapitalCableRouterAdmin/CapitalCableRouterAdmin.vcxproj
     [java] /ies/iesd_data3_nb/iesdwa/qualitygates/wa/2021.1_ADP1_INT/code/iesd/ctools_src/src/chsboot/VSSolution/chsboot/CapitalCableRouterAdmin/CapitalCableRouterAdmin.vcxproj.filters
     [java] /ies/iesd_data3_nb/iesdwa/qualitygates/wa/2021.1_ADP1_INT/code/iesd/ctools_src/src/chsboot/VSSolution/chsboot/CapitalCableRouterServer/CapitalCableRouterServer.vcxproj
     [java] /ies/iesd_data3_nb/iesdwa/qualitygates/wa/2021.1_ADP1_INT/code/iesd/ctools_src/src/chsboot/VSSolution/chsboot/CapitalCableRouterServer/CapitalCableRouterServer.vcxproj.filters
     [java] /ies/iesd_data3_nb/iesdwa/qualitygates/wa/2021.1_ADP1_INT/code/iesd/ctools_src/src/chsboot/VSSolution/chsboot/CapitalCableRouterStopServices/CapitalCableRouterStopServices.vcxproj
     [java] /ies/iesd_data3_nb/iesdwa/qualitygates/wa/2021.1_ADP1_INT/code/iesd/ctools_src/src/chsboot/VSSolution/chsboot/CapitalCableRouterStopServices/CapitalCableRouterStopServices.vcxproj.filters
     [java] /ies/iesd_data3_nb/iesdwa/qualitygates/wa/2021.1_ADP1_INT/code/iesd/ctools_src/src/chsboot/include/chsboot_cablerouteradmin.h
     [java] /ies/iesd_data3_nb/iesdwa/qualitygates/wa/2021.1_ADP1_INT/code/iesd/ctools_src/src/chsboot/include/chsboot_cablerouterserver.h
     [java] /ies/iesd_data3_nb/iesdwa/qualitygates/wa/2021.1_ADP1_INT/code/iesd/ctools_src/src/chsboot/include/chsboot_cablerouterserverstopservices.h
     [java] /ies/iesd_data3_nb/iesdwa/qualitygates/wa/2021.1_ADP1_INT/code/iesd/ctools_src/src/chsboot/linux64/CapitalCableRouterAdmin.exe
     [java] /ies/iesd_data3_nb/iesdwa/qualitygates/wa/2021.1_ADP1_INT/code/iesd/ctools_src/src/chsboot/linux64/CapitalCableRouterServer.exe
     [java] /ies/iesd_data3_nb/iesdwa/qualitygates/wa/2021.1_ADP1_INT/code/iesd/ctools_src/src/chsboot/linux64/CapitalCableRouterStopServices.exe
     [java] /ies/iesd_data3_nb/iesdwa/qualitygates/wa/2021.1_ADP1_INT/code/iesd/ctools_src/src/chsboot/resources/cablerouter.ico
     [java] /ies/iesd_data3_nb/iesdwa/qualitygates/wa/2021.1_ADP1_INT/code/iesd/ctools_src/src/chsboot/resources/cablerouter.rc
     [java] /ies/iesd_data3_nb/iesdwa/qualitygates/wa/2021.1_ADP1_INT/code/iesd/ctools_src/src/chsboot/win64/CapitalCableRouterAdmin.exe
     [java] /ies/iesd_data3_nb/iesdwa/qualitygates/wa/2021.1_ADP1_INT/code/iesd/ctools_src/src/chsboot/win64/CapitalCableRouterServer.exe
     [java] /ies/iesd_data3_nb/iesdwa/qualitygates/wa/2021.1_ADP1_INT/code/iesd/ctools_src/src/chsboot/win64/CapitalCableRouterStopServices.exe
     [java] /ies/iesd_data3_nb/iesdwa/qualitygates/wa/2021.1_ADP1_INT/code/iesd/ctools_src/src/embeddedReports/src/com/mentor/iesd/reports/publish/AlphaNumComparator.java
     [java] /ies/iesd_data3_nb/iesdwa/qualitygates/wa/2021.1_ADP1_INT/code/iesd/ctools_src/src/embeddedReports/src/com/mentor/iesd/reports/publish/LogicBOMConfig.xml
     [java] /ies/iesd_data3_nb/iesdwa/qualitygates/wa/2021.1_ADP1_INT/code/iesd/ctools_src/src/embeddedReports/src/com/mentor/iesd/reports/publish/PublishLogicBOMConfig.java
     [java] /ies/iesd_data3_nb/iesdwa/qualitygates/wa/2021.1_ADP1_INT/code/iesd/ctools_src/src/embeddedReports/src/com/mentor/iesd/reports/publish/TeamcenterLogicComponentBOM.java
     [java] /ies/iesd_data3_nb/iesdwa/qualitygates/wa/2021.1_ADP1_INT/code/iesd/ctools_src/tests/src/embeddedReports/src/com/mentor/iesd/reports/publish/PublishLogicBOMConfigTest.java
     [java] /ies/iesd_data3_nb/iesdwa/qualitygates/wa/2021.1_ADP1_INT/code/iesd/ctools_src/tests/src/embeddedReports/src/com/mentor/iesd/reports/publish/TestPublishLogicBOMConfig.java
     [java] /ies/iesd_data3_nb/iesdwa/qualitygates/wa/2021.1_ADP1_INT/code/iesd/ctools_src/tests/testdata/com/mentor/iesd/reports/publish/TestPublishLogicBOMConfig/lib/teamcenter/LogicBOMConfig.xml
     [java] /ies/iesd_data3_nb/iesdwa/qualitygates/wa/2021.1_ADP1_INT/code/iesd/datamodel_src/src/extensions/capitalteamcenterintegrationimpl/src/com/mentor/chsx/teamcenter/TCPublishLogicBOMTask.java
     [java] /ies/iesd_data3_nb/iesdwa/qualitygates/wa/2021.1_ADP1_INT/code/iesd/datamodel_src/src/utils/src/chs/bridges/pdm/TCBomReportParserForLogic.java
     [java] /ies/iesd_data3_nb/iesdwa/qualitygates/wa/2021.1_ADP1_INT/code/iesd/datamodel_src/tests/src/chs/common/reporting/ReportTestCase.java
     [java] /ies/iesd_data3_nb/iesdwa/qualitygates/wa/2021.1_ADP1_INT/code/iesd/datamodel_src/tests/src/chs/common/reporting/TeamcenterLogicComponentBOMTest.java
     [java] /ies/iesd_data3_nb/iesdwa/qualitygates/wa/2021.1_ADP1_INT/code/iesd/datamodel_src/tests/testdata/chs/common/reporting/TeamcenterLogicComponentBOMTest/config1/LogicBOMConfig.xml
     [java] /ies/iesd_data3_nb/iesdwa/qualitygates/wa/2021.1_ADP1_INT/code/iesd/datamodel_src/tests/testdata/chs/common/reporting/TeamcenterLogicComponentBOMTest/config2/LogicBOMConfig.xml
     [java] /ies/iesd_data3_nb/iesdwa/qualitygates/wa/2021.1_ADP1_INT/code/iesd/datamodel_src/tests/testdata/chs/common/reporting/TeamcenterLogicComponentBOMTest/config3/LogicBOMConfig.xml
     [java] /ies/iesd_data3_nb/iesdwa/qualitygates/wa/2021.1_ADP1_INT/code/iesd/datamodel_src/tests/testdata/chs/common/reporting/TeamcenterLogicComponentBOMTest/projects/DesignNameBasedOnPinOrdering.xml
     [java] /ies/iesd_data3_nb/iesdwa/qualitygates/wa/2021.1_ADP1_INT/code/iesd/datamodel_src/tests/testdata/chs/common/reporting/TeamcenterLogicComponentBOMTest/projects/DeviceAndMulticoreWithAllProps.xml
     [java] /ies/iesd_data3_nb/iesdwa/qualitygates/wa/2021.1_ADP1_INT/code/iesd/datamodel_src/tests/testdata/chs/common/reporting/TeamcenterLogicComponentBOMTest/projects/DeviceWithRemarksAndSystemCode.xml
     [java] /ies/iesd_data3_nb/iesdwa/qualitygates/wa/2021.1_ADP1_INT/code/iesd/datamodel_src/tests/testdata/chs/common/reporting/TeamcenterLogicComponentBOMTest/projects/FloatPropertyValidation.xml
     [java] /ies/iesd_data3_nb/iesdwa/qualitygates/wa/2021.1_ADP1_INT/code/iesd/datamodel_src/tests/testdata/chs/common/reporting/TeamcenterLogicComponentBOMTest/projects/From Device - To Device.xml
     [java] /ies/iesd_data3_nb/iesdwa/qualitygates/wa/2021.1_ADP1_INT/code/iesd/datamodel_src/tests/testdata/chs/common/reporting/TeamcenterLogicComponentBOMTest/projects/MARINE-555.xml
     [java] /ies/iesd_data3_nb/iesdwa/qualitygates/wa/2021.1_ADP1_INT/code/iesd/datamodel_src/tests/testdata/chs/common/reporting/TeamcenterLogicComponentBOMTest/projects/MoreThanOneHomeMulticore.xml
     [java] /ies/iesd_data3_nb/iesdwa/qualitygates/wa/2021.1_ADP1_INT/code/iesd/datamodel_src/tests/testdata/chs/common/reporting/TeamcenterLogicComponentBOMTest/projects/NestedMCRoleChangeFlow.xml
     [java] /ies/iesd_data3_nb/iesdwa/qualitygates/wa/2021.1_ADP1_INT/code/iesd/datamodel_src/tests/testdata/chs/common/reporting/TeamcenterLogicComponentBOMTest/projects/NoHomeMulticores.xml
     [java] /ies/iesd_data3_nb/iesdwa/qualitygates/wa/2021.1_ADP1_INT/code/iesd/datamodel_src/tests/testdata/chs/common/reporting/TeamcenterLogicComponentBOMTest/projects/OneDeviceWithAllProps.xml
     [java] /ies/iesd_data3_nb/iesdwa/qualitygates/wa/2021.1_ADP1_INT/code/iesd/datamodel_src/tests/testdata/chs/common/reporting/TeamcenterLogicComponentBOMTest/projects/OneHomeMulticore.xml
     [java] /ies/iesd_data3_nb/iesdwa/qualitygates/wa/2021.1_ADP1_INT/code/iesd/datamodel_src/tests/testdata/chs/common/reporting/TeamcenterLogicComponentBOMTest/projects/Overbraids_PAS00.xml
     [java] /ies/iesd_data3_nb/iesdwa/qualitygates/wa/2021.1_ADP1_INT/code/iesd/datamodel_src/tests/testdata/chs/common/reporting/TeamcenterLogicComponentBOMTest/projects/SDPDesignShared_Instances.xml
     [java] /ies/iesd_data3_nb/iesdwa/qualitygates/wa/2021.1_ADP1_INT/code/iesd/datamodel_src/tests/testdata/chs/common/reporting/TeamcenterLogicComponentBOMTest/projects/SharedDevices.xml
     [java] /ies/iesd_data3_nb/iesdwa/qualitygates/wa/2021.1_ADP1_INT/code/iesd/datamodel_src/tests/testdata/chs/common/reporting/TeamcenterLogicComponentBOMTest/reports/config1/DesignNameBasedOnPinOrdering.xml
     [java] /ies/iesd_data3_nb/iesdwa/qualitygates/wa/2021.1_ADP1_INT/code/iesd/datamodel_src/tests/testdata/chs/common/reporting/TeamcenterLogicComponentBOMTest/reports/config1/DeviceAndMulticoreWithAllProps.xml
     [java] /ies/iesd_data3_nb/iesdwa/qualitygates/wa/2021.1_ADP1_INT/code/iesd/datamodel_src/tests/testdata/chs/common/reporting/TeamcenterLogicComponentBOMTest/reports/config1/DeviceWithRemarksAndSystemCode.xml
     [java] /ies/iesd_data3_nb/iesdwa/qualitygates/wa/2021.1_ADP1_INT/code/iesd/datamodel_src/tests/testdata/chs/common/reporting/TeamcenterLogicComponentBOMTest/reports/config1/FloatPropertyValidation.xml
     [java] /ies/iesd_data3_nb/iesdwa/qualitygates/wa/2021.1_ADP1_INT/code/iesd/datamodel_src/tests/testdata/chs/common/reporting/TeamcenterLogicComponentBOMTest/reports/config1/From Device - To Device.xml
     [java] /ies/iesd_data3_nb/iesdwa/qualitygates/wa/2021.1_ADP1_INT/code/iesd/datamodel_src/tests/testdata/chs/common/reporting/TeamcenterLogicComponentBOMTest/reports/config1/MARINE-555.xml
     [java] /ies/iesd_data3_nb/iesdwa/qualitygates/wa/2021.1_ADP1_INT/code/iesd/datamodel_src/tests/testdata/chs/common/reporting/TeamcenterLogicComponentBOMTest/reports/config1/MoreThanOneHomeMulticore.xml
     [java] /ies/iesd_data3_nb/iesdwa/qualitygates/wa/2021.1_ADP1_INT/code/iesd/datamodel_src/tests/testdata/chs/common/reporting/TeamcenterLogicComponentBOMTest/reports/config1/NestedMCRoleChangeFlow.xml
     [java] /ies/iesd_data3_nb/iesdwa/qualitygates/wa/2021.1_ADP1_INT/code/iesd/datamodel_src/tests/testdata/chs/common/reporting/TeamcenterLogicComponentBOMTest/reports/config1/NoHomeMulticores.xml
     [java] /ies/iesd_data3_nb/iesdwa/qualitygates/wa/2021.1_ADP1_INT/code/iesd/datamodel_src/tests/testdata/chs/common/reporting/TeamcenterLogicComponentBOMTest/reports/config1/OneDeviceWithAllProps.xml
     [java] /ies/iesd_data3_nb/iesdwa/qualitygates/wa/2021.1_ADP1_INT/code/iesd/datamodel_src/tests/testdata/chs/common/reporting/TeamcenterLogicComponentBOMTest/reports/config1/OneHomeMulticore.xml
     [java] /ies/iesd_data3_nb/iesdwa/qualitygates/wa/2021.1_ADP1_INT/code/iesd/datamodel_src/tests/testdata/chs/common/reporting/TeamcenterLogicComponentBOMTest/reports/config1/Overbraids_PAS00.xml
     [java] /ies/iesd_data3_nb/iesdwa/qualitygates/wa/2021.1_ADP1_INT/code/iesd/datamodel_src/tests/testdata/chs/common/reporting/TeamcenterLogicComponentBOMTest/reports/config1/SDPDesignShared_Instances.xml
     [java] /ies/iesd_data3_nb/iesdwa/qualitygates/wa/2021.1_ADP1_INT/code/iesd/datamodel_src/tests/testdata/chs/common/reporting/TeamcenterLogicComponentBOMTest/reports/config1/SharedDevices.xml
     [java] /ies/iesd_data3_nb/iesdwa/qualitygates/wa/2021.1_ADP1_INT/code/iesd/datamodel_src/tests/testdata/chs/common/reporting/TeamcenterLogicComponentBOMTest/reports/config2/DesignNameBasedOnPinOrdering.xml
     [java] /ies/iesd_data3_nb/iesdwa/qualitygates/wa/2021.1_ADP1_INT/code/iesd/datamodel_src/tests/testdata/chs/common/reporting/TeamcenterLogicComponentBOMTest/reports/config2/DeviceAndMulticoreWithAllProps.xml
     [java] /ies/iesd_data3_nb/iesdwa/qualitygates/wa/2021.1_ADP1_INT/code/iesd/datamodel_src/tests/testdata/chs/common/reporting/TeamcenterLogicComponentBOMTest/reports/config2/DeviceWithRemarksAndSystemCode.xml
     [java] /ies/iesd_data3_nb/iesdwa/qualitygates/wa/2021.1_ADP1_INT/code/iesd/datamodel_src/tests/testdata/chs/common/reporting/TeamcenterLogicComponentBOMTest/reports/config2/FloatPropertyValidation.xml
     [java] /ies/iesd_data3_nb/iesdwa/qualitygates/wa/2021.1_ADP1_INT/code/iesd/datamodel_src/tests/testdata/chs/common/reporting/TeamcenterLogicComponentBOMTest/reports/config2/From Device - To Device.xml
     [java] /ies/iesd_data3_nb/iesdwa/qualitygates/wa/2021.1_ADP1_INT/code/iesd/datamodel_src/tests/testdata/chs/common/reporting/TeamcenterLogicComponentBOMTest/reports/config2/MARINE-555.xml
     [java] /ies/iesd_data3_nb/iesdwa/qualitygates/wa/2021.1_ADP1_INT/code/iesd/datamodel_src/tests/testdata/chs/common/reporting/TeamcenterLogicComponentBOMTest/reports/config2/MoreThanOneHomeMulticore.xml
     [java] /ies/iesd_data3_nb/iesdwa/qualitygates/wa/2021.1_ADP1_INT/code/iesd/datamodel_src/tests/testdata/chs/common/reporting/TeamcenterLogicComponentBOMTest/reports/config2/NestedMCRoleChangeFlow.xml
     [java] /ies/iesd_data3_nb/iesdwa/qualitygates/wa/2021.1_ADP1_INT/code/iesd/datamodel_src/tests/testdata/chs/common/reporting/TeamcenterLogicComponentBOMTest/reports/config2/NoHomeMulticores.xml
     [java] /ies/iesd_data3_nb/iesdwa/qualitygates/wa/2021.1_ADP1_INT/code/iesd/datamodel_src/tests/testdata/chs/common/reporting/TeamcenterLogicComponentBOMTest/reports/config2/OneDeviceWithAllProps.xml
     [java] /ies/iesd_data3_nb/iesdwa/qualitygates/wa/2021.1_ADP1_INT/code/iesd/datamodel_src/tests/testdata/chs/common/reporting/TeamcenterLogicComponentBOMTest/reports/config2/OneHomeMulticore.xml
     [java] /ies/iesd_data3_nb/iesdwa/qualitygates/wa/2021.1_ADP1_INT/code/iesd/datamodel_src/tests/testdata/chs/common/reporting/TeamcenterLogicComponentBOMTest/reports/config2/Overbraids_PAS00.xml
     [java] /ies/iesd_data3_nb/iesdwa/qualitygates/wa/2021.1_ADP1_INT/code/iesd/datamodel_src/tests/testdata/chs/common/reporting/TeamcenterLogicComponentBOMTest/reports/config2/SDPDesignShared_Instances.xml
     [java] /ies/iesd_data3_nb/iesdwa/qualitygates/wa/2021.1_ADP1_INT/code/iesd/datamodel_src/tests/testdata/chs/common/reporting/TeamcenterLogicComponentBOMTest/reports/config2/SharedDevices.xml
     [java] /ies/iesd_data3_nb/iesdwa/qualitygates/wa/2021.1_ADP1_INT/code/iesd/datamodel_src/tests/testdata/chs/common/reporting/TeamcenterLogicComponentBOMTest/reports/config3/DesignNameBasedOnPinOrdering.xml
     [java] /ies/iesd_data3_nb/iesdwa/qualitygates/wa/2021.1_ADP1_INT/code/iesd/datamodel_src/tests/testdata/chs/common/reporting/TeamcenterLogicComponentBOMTest/reports/config3/DeviceAndMulticoreWithAllProps.xml
     [java] /ies/iesd_data3_nb/iesdwa/qualitygates/wa/2021.1_ADP1_INT/code/iesd/datamodel_src/tests/testdata/chs/common/reporting/TeamcenterLogicComponentBOMTest/reports/config3/DeviceWithRemarksAndSystemCode.xml
     [java] /ies/iesd_data3_nb/iesdwa/qualitygates/wa/2021.1_ADP1_INT/code/iesd/datamodel_src/tests/testdata/chs/common/reporting/TeamcenterLogicComponentBOMTest/reports/config3/FloatPropertyValidation.xml
     [java] /ies/iesd_data3_nb/iesdwa/qualitygates/wa/2021.1_ADP1_INT/code/iesd/datamodel_src/tests/testdata/chs/common/reporting/TeamcenterLogicComponentBOMTest/reports/config3/From Device - To Device.xml
     [java] /ies/iesd_data3_nb/iesdwa/qualitygates/wa/2021.1_ADP1_INT/code/iesd/datamodel_src/tests/testdata/chs/common/reporting/TeamcenterLogicComponentBOMTest/reports/config3/MARINE-555.xml
     [java] /ies/iesd_data3_nb/iesdwa/qualitygates/wa/2021.1_ADP1_INT/code/iesd/datamodel_src/tests/testdata/chs/common/reporting/TeamcenterLogicComponentBOMTest/reports/config3/MoreThanOneHomeMulticore.xml
     [java] /ies/iesd_data3_nb/iesdwa/qualitygates/wa/2021.1_ADP1_INT/code/iesd/datamodel_src/tests/testdata/chs/common/reporting/TeamcenterLogicComponentBOMTest/reports/config3/NestedMCRoleChangeFlow.xml
     [java] /ies/iesd_data3_nb/iesdwa/qualitygates/wa/2021.1_ADP1_INT/code/iesd/datamodel_src/tests/testdata/chs/common/reporting/TeamcenterLogicComponentBOMTest/reports/config3/NoHomeMulticores.xml
     [java] /ies/iesd_data3_nb/iesdwa/qualitygates/wa/2021.1_ADP1_INT/code/iesd/datamodel_src/tests/testdata/chs/common/reporting/TeamcenterLogicComponentBOMTest/reports/config3/OneDeviceWithAllProps.xml
     [java] /ies/iesd_data3_nb/iesdwa/qualitygates/wa/2021.1_ADP1_INT/code/iesd/datamodel_src/tests/testdata/chs/common/reporting/TeamcenterLogicComponentBOMTest/reports/config3/OneHomeMulticore.xml
     [java] /ies/iesd_data3_nb/iesdwa/qualitygates/wa/2021.1_ADP1_INT/code/iesd/datamodel_src/tests/testdata/chs/common/reporting/TeamcenterLogicComponentBOMTest/reports/config3/Overbraids_PAS00.xml
     [java] /ies/iesd_data3_nb/iesdwa/qualitygates/wa/2021.1_ADP1_INT/code/iesd/datamodel_src/tests/testdata/chs/common/reporting/TeamcenterLogicComponentBOMTest/reports/config3/SDPDesignShared_Instances.xml
     [java] /ies/iesd_data3_nb/iesdwa/qualitygates/wa/2021.1_ADP1_INT/code/iesd/datamodel_src/tests/testdata/chs/common/reporting/TeamcenterLogicComponentBOMTest/reports/config3/SharedDevices.xml
     [java] /ies/iesd_data3_nb/iesdwa/qualitygates/wa/2021.1_ADP1_INT/code/iesd/infrastructure_src/src/Help/ies-cmpic/build.xml
     [java] /ies/iesd_data3_nb/iesdwa/qualitygates/wa/2021.1_ADP1_INT/code/iesd/infrastructure_src/src/Help/ies-cmpic/ivy.xml
     [java] /ies/iesd_data3_nb/iesdwa/qualitygates/wa/2021.1_ADP1_INT/code/iesd/infrastructure_src/src/third_party/cmpic/frmsal.jar
     [java] /ies/iesd_data3_nb/iesdwa/qualitygates/wa/2021.1_ADP1_INT/code/iesd/infrastructure_src/src/third_party/tce-soa/Apb0SoaStrongModelAttrParmBase_13000.1.0.jar
     [java] /ies/iesd_data3_nb/iesdwa/qualitygates/wa/2021.1_ADP1_INT/code/iesd/infrastructure_src/src/third_party/tce-soa/Att0SoaAttrTargetMgmtLoose_13000.1.0.jar
     [java] /ies/iesd_data3_nb/iesdwa/qualitygates/wa/2021.1_ADP1_INT/code/iesd/infrastructure_src/src/third_party/tce-soa/Att0SoaAttrTargetMgmtStrong_13000.1.0.jar
     [java] /ies/iesd_data3_nb/iesdwa/qualitygates/wa/2021.1_ADP1_INT/code/iesd/infrastructure_src/src/third_party/tce-soa/Att0SoaStrongModelAttrTargetMgmt_13000.1.0.jar
     [java] /ies/iesd_data3_nb/iesdwa/qualitygates/wa/2021.1_ADP1_INT/code/iesd/infrastructure_src/src/utility/intellij/IJ19/.idea/runConfigurations/Capital_Cable_Router_Server.xml
     [java] /ies/iesd_data3_nb/iesdwa/qualitygates/wa/2021.1_ADP1_INT/code/iesd/infrastructure_src/src/utility/intellij/IJ19_Gradle_Config/.idea/runConfigurations/Capital_Cable_Router_Server.xml
     [java] /ies/iesd_data3_nb/iesdwa/qualitygates/wa/2021.1_ADP1_INT/code/iesd/install_kit_src/src/chsinstalltools/src/ia_extensions/src/chs/iaactions/IARegisterMarineServiceAction.java
     [java] /ies/iesd_data3_nb/iesdwa/qualitygates/wa/2021.1_ADP1_INT/code/iesd/install_kit_src/src/chsinstalltools/src/ia_extensions/src/com/siemens/capital/install/platform/WindowsService.java
     [java] /ies/iesd_data3_nb/iesdwa/qualitygates/wa/2021.1_ADP1_INT/code/iesd/install_kit_src/src/chsinstalltools/src/ia_extensions/src/com/siemens/capital/install/platform/impl/WindowsServiceAdaptor.java
     [java] /ies/iesd_data3_nb/iesdwa/qualitygates/wa/2021.1_ADP1_INT/code/iesd/install_kit_src/src/chsinstalltools/src/ia_extensions/tests/chs/iaactions/IARegisterMarineServiceActionTest.java
     [java] /ies/iesd_data3_nb/iesdwa/qualitygates/wa/2021.1_ADP1_INT/code/iesd/interfaces_src/src/config/src/cablerouter/RouterDataImportConfiguration.xml
     [java] /ies/iesd_data3_nb/iesdwa/qualitygates/wa/2021.1_ADP1_INT/code/iesd/interfaces_src/src/config/src/cablerouter/RouterExportConfiguration.xml
     [java] /ies/iesd_data3_nb/iesdwa/qualitygates/wa/2021.1_ADP1_INT/code/iesd/interfaces_src/src/config/src/cablerouter/ccrs.keystore
     [java] /ies/iesd_data3_nb/iesdwa/qualitygates/wa/2021.1_ADP1_INT/code/iesd/interfaces_src/src/config/src/cablerouter/ccrsconfig.xml
     [java] /ies/iesd_data3_nb/iesdwa/qualitygates/wa/2021.1_ADP1_INT/code/iesd/interfaces_src/src/images/src/chs/images/app/capital/background/capital_design-cablerouter_application_background.png
     [java] /ies/iesd_data3_nb/iesdwa/qualitygates/wa/2021.1_ADP1_INT/code/iesd/interfaces_src/src/images/src/chs/images/app/capital/background/capital_design-cablerouter_application_background@2x.png
     [java] /ies/iesd_data3_nb/iesdwa/qualitygates/wa/2021.1_ADP1_INT/code/iesd/interfaces_src/src/images/src/chs/images/app/capital/login/capital_design-cablerouter_login.png
     [java] /ies/iesd_data3_nb/iesdwa/qualitygates/wa/2021.1_ADP1_INT/code/iesd/interfaces_src/src/images/src/chs/images/app/capital/login/capital_design-cablerouter_login@2x.png
     [java] /ies/iesd_data3_nb/iesdwa/qualitygates/wa/2021.1_ADP1_INT/code/iesd/interfaces_src/src/images/src/chs/images/app/capital/splash/design-cablerouter-Splash.png
     [java] /ies/iesd_data3_nb/iesdwa/qualitygates/wa/2021.1_ADP1_INT/code/iesd/interfaces_src/src/images/src/chs/images/app/capital/splash/design-cablerouter-Splash@2x.png
     [java] /ies/iesd_data3_nb/iesdwa/qualitygates/wa/2021.1_ADP1_INT/code/iesd/interfaces_src/src/images/src/chs/images/app/ico_capcablerouter_16x16.png
     [java] /ies/iesd_data3_nb/iesdwa/qualitygates/wa/2021.1_ADP1_INT/code/iesd/interfaces_src/src/images/src/chs/images/app/ico_capcablerouter_32x32.png
     [java] /ies/iesd_data3_nb/iesdwa/qualitygates/wa/2021.1_ADP1_INT/code/iesd/interfaces_src/src/java/src/chs/ccrs/model/cmpic/keys/ICMPICCableKeys.java
     [java] /ies/iesd_data3_nb/iesdwa/qualitygates/wa/2021.1_ADP1_INT/code/iesd/interfaces_src/src/java/src/chs/ccrs/model/cmpic/keys/ICMPICDeviceKeys.java
     [java] /ies/iesd_data3_nb/iesdwa/qualitygates/wa/2021.1_ADP1_INT/code/iesd/interfaces_src/src/java/src/chs/ccrs/model/cmpic/keys/ICMPICNodeKeys.java
     [java] /ies/iesd_data3_nb/iesdwa/qualitygates/wa/2021.1_ADP1_INT/code/iesd/interfaces_src/src/java/src/chs/ccrs/model/cmpic/keys/ICMPICSegmentKeys.java
     [java] /ies/iesd_data3_nb/iesdwa/qualitygates/wa/2021.1_ADP1_INT/code/iesd/interfaces_src/src/java/src/chs/ccrs/model/cmpic/keys/ICMPICTokenKeys.java
     [java] /ies/iesd_data3_nb/iesdwa/qualitygates/wa/2021.1_ADP1_INT/code/iesd/interfaces_src/src/java/src/chs/ccrs/model/object/ICable.java
     [java] /ies/iesd_data3_nb/iesdwa/qualitygates/wa/2021.1_ADP1_INT/code/iesd/interfaces_src/src/java/src/chs/ccrs/model/object/ICoordinates.java
     [java] /ies/iesd_data3_nb/iesdwa/qualitygates/wa/2021.1_ADP1_INT/code/iesd/interfaces_src/src/java/src/chs/ccrs/model/object/IDevice.java
     [java] /ies/iesd_data3_nb/iesdwa/qualitygates/wa/2021.1_ADP1_INT/code/iesd/interfaces_src/src/java/src/chs/ccrs/model/object/INode.java
     [java] /ies/iesd_data3_nb/iesdwa/qualitygates/wa/2021.1_ADP1_INT/code/iesd/interfaces_src/src/java/src/chs/ccrs/model/object/IObject.java
     [java] /ies/iesd_data3_nb/iesdwa/qualitygates/wa/2021.1_ADP1_INT/code/iesd/interfaces_src/src/java/src/chs/ccrs/model/object/ISegment.java
     [java] /ies/iesd_data3_nb/iesdwa/qualitygates/wa/2021.1_ADP1_INT/code/iesd/interfaces_src/src/java/src/chs/ccrs/model/object/IToken.java
     [java] /ies/iesd_data3_nb/iesdwa/qualitygates/wa/2021.1_ADP1_INT/code/iesd/interfaces_src/src/java/src/chs/ccrs/rest/contenttransformer/ICMPICContentTransformer.java
     [java] /ies/iesd_data3_nb/iesdwa/qualitygates/wa/2021.1_ADP1_INT/code/iesd/interfaces_src/src/java/src/chs/ccrs/rest/contenttransformer/IMarineContentTransformer.java
     [java] /ies/iesd_data3_nb/iesdwa/qualitygates/wa/2021.1_ADP1_INT/code/iesd/interfaces_src/src/java/src/chs/ccrs/server/IMarineServer.java
     [java] /ies/iesd_data3_nb/iesdwa/qualitygates/wa/2021.1_ADP1_INT/code/iesd/interfaces_src/src/java/src/chs/ccrs/server/start/IMarineServerStartLifecycleTask.java
     [java] /ies/iesd_data3_nb/iesdwa/qualitygates/wa/2021.1_ADP1_INT/code/iesd/interfaces_src/src/java/src/chs/ccrs/server/stop/IMarineServerStopLifeCycleTask.java
     [java] /ies/iesd_data3_nb/iesdwa/qualitygates/wa/2021.1_ADP1_INT/code/iesd/interfaces_src/src/java/src/chs/ccrs/servlet/IShutdownProxy.java
     [java] /ies/iesd_data3_nb/iesdwa/qualitygates/wa/2021.1_ADP1_INT/code/iesd/interfaces_src/src/java/src/chs/ccrs/servlet/task/IMarineServletTask.java
     [java] /ies/iesd_data3_nb/iesdwa/qualitygates/wa/2021.1_ADP1_INT/code/iesd/interfaces_src/src/resources/src/chs/ccrs/chsresources.properties
     [java] /ies/iesd_data3_nb/iesdwa/qualitygates/wa/2021.1_ADP1_INT/code/iesd/interfaces_src/src/utils/src/chs/utilities/CCRSConfigMissingException.java
     [echo] 
     [echo] COMPLETE : CODE DUPLICATION CHECK
     [echo] Please check /ies/iesd_data3_nb/iesdwa/qualitygates/wa/2021.1_ADP1_INT/cpd/cpd-output.txt for any code-duplication in undelivered files

BUILD SUCCESSFUL
Total time: 5 seconds
-- Wed May  5 00:34:52 2021: ant  generate-duplicate-report -Dchs.build.cpd.output.xml=/ies/iesd_data3_nb/iesdwa/qualitygates/wa/2021.1_ADP1_INT/cpd/cpd-output.xml -Dchs.build.cpd.output.txt=/ies/iesd_data3_nb/iesdwa/qualitygates/wa/2021.1_ADP1_INT/cpd/cpd-output.txt -Dchs.build.interestingfilelist=/ies/iesd_data3_nb/iesdwa/qualitygates/wa/2021.1_ADP1_INT/changes/undelivered.newfiles.filtered.txt -f /ies/iesd_data3_nb/iesdwa/qualitygates/wa/2021.1_ADP1_INT/code/iesd/build.xml DONE in 6449ms
-- Wed May  5 00:34:52 2021: FAIL: Code duplication found in 2021.1_ADP1_INT
-- Wed May  5 00:34:52 2021: CPDRunner DONE in 1146020ms
